This is pdfTeX, Version 3.14159265-2.6-1.40.16 (TeX Live 2015) (preloaded format=pdflatex 2015.9.21)  24 FEB 2018 17:48
entering extended mode
 restricted \write18 enabled.
 %&-line parsing enabled.
**Thesis.tex
(./Thesis.tex
LaTeX2e <2015/01/01>
Babel <3.9l> and hyphenation patterns for 79 languages loaded.
(./Thesis.cls
Document Class: Thesis 2007/22/02 v1.0 LaTeX document class
(/usr/local/texlive/2015/texmf-dist/tex/latex/base/book.cls
Document Class: book 2014/09/29 v1.4h Standard LaTeX document class
(/usr/local/texlive/2015/texmf-dist/tex/latex/base/bk11.clo
File: bk11.clo 2014/09/29 v1.4h Standard LaTeX file (size option)
)
\c@part=\count79
\c@chapter=\count80
\c@section=\count81
\c@subsection=\count82
\c@subsubsection=\count83
\c@paragraph=\count84
\c@subparagraph=\count85
\c@figure=\count86
\c@table=\count87
\abovecaptionskip=\skip41
\belowcaptionskip=\skip42
\bibindent=\dimen102
)
(/usr/local/texlive/2015/texmf-dist/tex/latex/setspace/setspace.sty
Package: setspace 2011/12/19 v6.7a set line spacing
)
(/usr/local/texlive/2015/texmf-dist/tex/latex/tools/calc.sty
Package: calc 2014/10/28 v4.3 Infix arithmetic (KKT,FJ)
\calc@Acount=\count88
\calc@Bcount=\count89
\calc@Adimen=\dimen103
\calc@Bdimen=\dimen104
\calc@Askip=\skip43
\calc@Bskip=\skip44
LaTeX Info: Redefining \setlength on input line 80.
LaTeX Info: Redefining \addtolength on input line 81.
\calc@Ccount=\count90
\calc@Cskip=\skip45
)
(/usr/local/texlive/2015/texmf-dist/tex/latex/fancyhdr/fancyhdr.sty
\fancy@headwidth=\skip46
\f@ncyO@elh=\skip47
\f@ncyO@erh=\skip48
\f@ncyO@olh=\skip49
\f@ncyO@orh=\skip50
\f@ncyO@elf=\skip51
\f@ncyO@erf=\skip52
\f@ncyO@olf=\skip53
\f@ncyO@orf=\skip54
)
(/usr/local/texlive/2015/texmf-dist/tex/latex/amsmath/amsmath.sty
Package: amsmath 2013/01/14 v2.14 AMS math features
\@mathmargin=\skip55

For additional information on amsmath, use the `?' option.
(/usr/local/texlive/2015/texmf-dist/tex/latex/amsmath/amstext.sty
Package: amstext 2000/06/29 v2.01

(/usr/local/texlive/2015/texmf-dist/tex/latex/amsmath/amsgen.sty
File: amsgen.sty 1999/11/30 v2.0
\@emptytoks=\toks14
\ex@=\dimen105
))
(/usr/local/texlive/2015/texmf-dist/tex/latex/amsmath/amsbsy.sty
Package: amsbsy 1999/11/29 v1.2d
\pmbraise@=\dimen106
)
(/usr/local/texlive/2015/texmf-dist/tex/latex/amsmath/amsopn.sty
Package: amsopn 1999/12/14 v2.01 operator names
)
\inf@bad=\count91
LaTeX Info: Redefining \frac on input line 210.
\uproot@=\count92
\leftroot@=\count93
LaTeX Info: Redefining \overline on input line 306.
\classnum@=\count94
\DOTSCASE@=\count95
LaTeX Info: Redefining \ldots on input line 378.
LaTeX Info: Redefining \dots on input line 381.
LaTeX Info: Redefining \cdots on input line 466.
\Mathstrutbox@=\box26
\strutbox@=\box27
\big@size=\dimen107
LaTeX Font Info:    Redeclaring font encoding OML on input line 566.
LaTeX Font Info:    Redeclaring font encoding OMS on input line 567.
\macc@depth=\count96
\c@MaxMatrixCols=\count97
\dotsspace@=\muskip10
\c@parentequation=\count98
\dspbrk@lvl=\count99
\tag@help=\toks15
\row@=\count100
\column@=\count101
\maxfields@=\count102
\andhelp@=\toks16
\eqnshift@=\dimen108
\alignsep@=\dimen109
\tagshift@=\dimen110
\tagwidth@=\dimen111
\totwidth@=\dimen112
\lineht@=\dimen113
\@envbody=\toks17
\multlinegap=\skip56
\multlinetaggap=\skip57
\mathdisplay@stack=\toks18
LaTeX Info: Redefining \[ on input line 2665.
LaTeX Info: Redefining \] on input line 2666.
)
(/usr/local/texlive/2015/texmf-dist/tex/latex/amsfonts/amsfonts.sty
Package: amsfonts 2013/01/14 v3.01 Basic AMSFonts support
\symAMSa=\mathgroup4
\symAMSb=\mathgroup5
LaTeX Font Info:    Overwriting math alphabet `\mathfrak' in version `bold'
(Font)                  U/euf/m/n --> U/euf/b/n on input line 106.
)
(/usr/local/texlive/2015/texmf-dist/tex/latex/amsfonts/amssymb.sty
Package: amssymb 2013/01/14 v3.01 AMS font symbols
)
(/usr/local/texlive/2015/texmf-dist/tex/latex/amsmath/amscd.sty
Package: amscd 1999/11/29 v2.0
\athelp@=\toks19
\minaw@=\dimen114
\bigaw@=\dimen115
\minCDarrowwidth=\dimen116
)
(/usr/local/texlive/2015/texmf-dist/tex/latex/amscls/amsthm.sty
Package: amsthm 2015/03/04 v2.20.2
\thm@style=\toks20
\thm@bodyfont=\toks21
\thm@headfont=\toks22
\thm@notefont=\toks23
\thm@headpunct=\toks24
\thm@preskip=\skip58
\thm@postskip=\skip59
\thm@headsep=\skip60
\dth@everypar=\toks25
)
(/usr/local/texlive/2015/texmf-dist/tex/latex/tools/xspace.sty
Package: xspace 2014/10/28 v1.13 Space after command names (DPC,MH)
)
\c@example=\count103
\c@theorem=\count104

(/usr/local/texlive/2015/texmf-dist/tex/latex/caption/caption.sty
Package: caption 2013/05/02 v3.3-89 Customizing captions (AR)

(/usr/local/texlive/2015/texmf-dist/tex/latex/caption/caption3.sty
Package: caption3 2013/05/02 v1.6-88 caption3 kernel (AR)
Package caption3 Info: TeX engine: e-TeX on input line 57.

(/usr/local/texlive/2015/texmf-dist/tex/latex/graphics/keyval.sty
Package: keyval 2014/10/28 v1.15 key=value parser (DPC)
\KV@toks@=\toks26
)
\captionmargin=\dimen117
\captionmargin@=\dimen118
\captionwidth=\dimen119
\caption@tempdima=\dimen120
\caption@indent=\dimen121
\caption@parindent=\dimen122
\caption@hangindent=\dimen123
)
\c@ContinuedFloat=\count105
)
(/usr/local/texlive/2015/texmf-dist/tex/latex/graphics/graphicx.sty
Package: graphicx 2014/10/28 v1.0g Enhanced LaTeX Graphics (DPC,SPQR)

(/usr/local/texlive/2015/texmf-dist/tex/latex/graphics/graphics.sty
Package: graphics 2014/10/28 v1.0p Standard LaTeX Graphics (DPC,SPQR)

(/usr/local/texlive/2015/texmf-dist/tex/latex/graphics/trig.sty
Package: trig 1999/03/16 v1.09 sin cos tan (DPC)
)
(/usr/local/texlive/2015/texmf-dist/tex/latex/latexconfig/graphics.cfg
File: graphics.cfg 2010/04/23 v1.9 graphics configuration of TeX Live
)
Package graphics Info: Driver file: pdftex.def on input line 94.

(/usr/local/texlive/2015/texmf-dist/tex/latex/pdftex-def/pdftex.def
File: pdftex.def 2011/05/27 v0.06d Graphics/color for pdfTeX

(/usr/local/texlive/2015/texmf-dist/tex/generic/oberdiek/infwarerr.sty
Package: infwarerr 2010/04/08 v1.3 Providing info/warning/error messages (HO)
)
(/usr/local/texlive/2015/texmf-dist/tex/generic/oberdiek/ltxcmds.sty
Package: ltxcmds 2011/11/09 v1.22 LaTeX kernel commands for general use (HO)
)
\Gread@gobject=\count106
))
\Gin@req@height=\dimen124
\Gin@req@width=\dimen125
)
(/usr/local/texlive/2015/texmf-dist/tex/latex/oberdiek/epstopdf.sty
Package: epstopdf 2010/02/09 v2.5 Conversion with epstopdf on the fly (HO)

(/usr/local/texlive/2015/texmf-dist/tex/latex/oberdiek/epstopdf-base.sty
Package: epstopdf-base 2010/02/09 v2.5 Base part for package epstopdf

(/usr/local/texlive/2015/texmf-dist/tex/latex/oberdiek/grfext.sty
Package: grfext 2010/08/19 v1.1 Manage graphics extensions (HO)

(/usr/local/texlive/2015/texmf-dist/tex/generic/oberdiek/kvdefinekeys.sty
Package: kvdefinekeys 2011/04/07 v1.3 Define keys (HO)
))
(/usr/local/texlive/2015/texmf-dist/tex/latex/oberdiek/kvoptions.sty
Package: kvoptions 2011/06/30 v3.11 Key value format for package options (HO)

(/usr/local/texlive/2015/texmf-dist/tex/generic/oberdiek/kvsetkeys.sty
Package: kvsetkeys 2012/04/25 v1.16 Key value parser (HO)

(/usr/local/texlive/2015/texmf-dist/tex/generic/oberdiek/etexcmds.sty
Package: etexcmds 2011/02/16 v1.5 Avoid name clashes with e-TeX commands (HO)

(/usr/local/texlive/2015/texmf-dist/tex/generic/oberdiek/ifluatex.sty
Package: ifluatex 2010/03/01 v1.3 Provides the ifluatex switch (HO)
Package ifluatex Info: LuaTeX not detected.
)
Package etexcmds Info: Could not find \expanded.
(etexcmds)             That can mean that you are not using pdfTeX 1.50 or
(etexcmds)             that some package has redefined \expanded.
(etexcmds)             In the latter case, load this package earlier.
)))
(/usr/local/texlive/2015/texmf-dist/tex/generic/oberdiek/pdftexcmds.sty
Package: pdftexcmds 2011/11/29 v0.20 Utility functions of pdfTeX for LuaTeX (HO
)

(/usr/local/texlive/2015/texmf-dist/tex/generic/oberdiek/ifpdf.sty
Package: ifpdf 2011/01/30 v2.3 Provides the ifpdf switch (HO)
Package ifpdf Info: pdfTeX in PDF mode is detected.
)
Package pdftexcmds Info: LuaTeX not detected.
Package pdftexcmds Info: \pdf@primitive is available.
Package pdftexcmds Info: \pdf@ifprimitive is available.
Package pdftexcmds Info: \pdfdraftmode found.
)
Package grfext Info: Graphics extension search list:
(grfext)             [.png,.pdf,.jpg,.mps,.jpeg,.jbig2,.jb2,.PNG,.PDF,.JPG,.JPE
G,.JBIG2,.JB2,.eps]
(grfext)             \AppendGraphicsExtensions on input line 452.

(/usr/local/texlive/2015/texmf-dist/tex/latex/latexconfig/epstopdf-sys.cfg
File: epstopdf-sys.cfg 2010/07/13 v1.3 Configuration of (r)epstopdf for TeX Liv
e
)))
(/usr/local/texlive/2015/texmf-dist/tex/latex/booktabs/booktabs.sty
Package: booktabs 2005/04/14 v1.61803 publication quality tables
\heavyrulewidth=\dimen126
\lightrulewidth=\dimen127
\cmidrulewidth=\dimen128
\belowrulesep=\dimen129
\belowbottomsep=\dimen130
\aboverulesep=\dimen131
\abovetopsep=\dimen132
\cmidrulesep=\dimen133
\cmidrulekern=\dimen134
\defaultaddspace=\dimen135
\@cmidla=\count107
\@cmidlb=\count108
\@aboverulesep=\dimen136
\@belowrulesep=\dimen137
\@thisruleclass=\count109
\@lastruleclass=\count110
\@thisrulewidth=\dimen138
)
(/usr/local/texlive/2015/texmf-dist/tex/latex/rotating/rotating.sty
Package: rotating 2009/03/28 v2.16a rotated objects in LaTeX

(/usr/local/texlive/2015/texmf-dist/tex/latex/base/ifthen.sty
Package: ifthen 2014/09/29 v1.1c Standard LaTeX ifthen package (DPC)
)
\c@r@tfl@t=\count111
\rotFPtop=\skip61
\rotFPbot=\skip62
\rot@float@box=\box28
\rot@mess@toks=\toks27
)
(/usr/local/texlive/2015/texmf-dist/tex/latex/listings/listings.sty
\lst@mode=\count112
\lst@gtempboxa=\box29
\lst@token=\toks28
\lst@length=\count113
\lst@currlwidth=\dimen139
\lst@column=\count114
\lst@pos=\count115
\lst@lostspace=\dimen140
\lst@width=\dimen141
\lst@newlines=\count116
\lst@lineno=\count117
\lst@maxwidth=\dimen142

(./lstpatch.sty

***
*** This is a patch for listings 1.3, but you're using
*** version 1.5e.
***
*** Patch file not loaded.
***

) (/usr/local/texlive/2015/texmf-dist/tex/latex/listings/lstmisc.sty
File: lstmisc.sty 2014/09/06 1.5e (Carsten Heinz)
\c@lstnumber=\count118
\lst@skipnumbers=\count119
\lst@framebox=\box30
)
(/usr/local/texlive/2015/texmf-dist/tex/latex/listings/listings.cfg
File: listings.cfg 2014/09/06 1.5e listings configuration
))
Package: listings 2014/09/06 1.5e (Carsten Heinz)

(./lstpatch.sty

***
*** This is a patch for listings 1.3, but you're using
*** version 1.5e.
***
 *** Patch file not loaded.
***

) (/usr/local/texlive/2015/texmf-dist/tex/latex/hyperref/hyperref.sty
Package: hyperref 2012/11/06 v6.83m Hypertext links for LaTeX

(/usr/local/texlive/2015/texmf-dist/tex/generic/oberdiek/hobsub-hyperref.sty
Package: hobsub-hyperref 2012/05/28 v1.13 Bundle oberdiek, subset hyperref (HO)


(/usr/local/texlive/2015/texmf-dist/tex/generic/oberdiek/hobsub-generic.sty
Package: hobsub-generic 2012/05/28 v1.13 Bundle oberdiek, subset generic (HO)
Package: hobsub 2012/05/28 v1.13 Construct package bundles (HO)
Package hobsub Info: Skipping package `infwarerr' (already loaded).
Package hobsub Info: Skipping package `ltxcmds' (already loaded).
Package hobsub Info: Skipping package `ifluatex' (already loaded).
Package: ifvtex 2010/03/01 v1.5 Detect VTeX and its facilities (HO)
Package ifvtex Info: VTeX not detected.
Package: intcalc 2007/09/27 v1.1 Expandable calculations with integers (HO)
Package hobsub Info: Skipping package `ifpdf' (already loaded).
Package hobsub Info: Skipping package `etexcmds' (already loaded).
Package hobsub Info: Skipping package `kvsetkeys' (already loaded).
Package hobsub Info: Skipping package `kvdefinekeys' (already loaded).
Package hobsub Info: Skipping package `pdftexcmds' (already loaded).
Package: pdfescape 2011/11/25 v1.13 Implements pdfTeX's escape features (HO)
Package: bigintcalc 2012/04/08 v1.3 Expandable calculations on big integers (HO
)
Package: bitset 2011/01/30 v1.1 Handle bit-vector datatype (HO)
Package: uniquecounter 2011/01/30 v1.2 Provide unlimited unique counter (HO)
)
Package hobsub Info: Skipping package `hobsub' (already loaded).
Package: letltxmacro 2010/09/02 v1.4 Let assignment for LaTeX macros (HO)
Package: hopatch 2012/05/28 v1.2 Wrapper for package hooks (HO)
Package: xcolor-patch 2011/01/30 xcolor patch
Package: atveryend 2011/06/30 v1.8 Hooks at the very end of document (HO)
Package atveryend Info: \enddocument detected (standard20110627).
Package: atbegshi 2011/10/05 v1.16 At begin shipout hook (HO)
Package: refcount 2011/10/16 v3.4 Data extraction from label references (HO)
Package: hycolor 2011/01/30 v1.7 Color options for hyperref/bookmark (HO)
)
(/usr/local/texlive/2015/texmf-dist/tex/generic/ifxetex/ifxetex.sty
Package: ifxetex 2010/09/12 v0.6 Provides ifxetex conditional
)
(/usr/local/texlive/2015/texmf-dist/tex/latex/oberdiek/auxhook.sty
Package: auxhook 2011/03/04 v1.3 Hooks for auxiliary files (HO)
)
\@linkdim=\dimen143
\Hy@linkcounter=\count120
\Hy@pagecounter=\count121

(/usr/local/texlive/2015/texmf-dist/tex/latex/hyperref/pd1enc.def
File: pd1enc.def 2012/11/06 v6.83m Hyperref: PDFDocEncoding definition (HO)
)
\Hy@SavedSpaceFactor=\count122

(/usr/local/texlive/2015/texmf-dist/tex/latex/latexconfig/hyperref.cfg
File: hyperref.cfg 2002/06/06 v1.2 hyperref configuration of TeXLive
)
Package hyperref Info: Option `bookmarks' set `true' on input line 4319.
Package hyperref Info: Option `bookmarksopen' set `true' on input line 4319.
Package hyperref Info: Option `bookmarksnumbered' set `true' on input line 4319
.
Package hyperref Info: Option `hypertexnames' set `false' on input line 4319.
Package hyperref Info: Option `colorlinks' set `true' on input line 4319.
Package hyperref Info: Option `unicode' set `true' on input line 4319.

(/usr/local/texlive/2015/texmf-dist/tex/latex/hyperref/puenc.def
File: puenc.def 2012/11/06 v6.83m Hyperref: PDF Unicode definition (HO)
)
Package hyperref Info: Option `breaklinks' set `true' on input line 4319.
Package hyperref Info: Hyper figures OFF on input line 4443.
Package hyperref Info: Link nesting OFF on input line 4448.
Package hyperref Info: Hyper index ON on input line 4451.
Package hyperref Info: Plain pages OFF on input line 4458.
Package hyperref Info: Backreferencing OFF on input line 4463.
Package hyperref Info: Implicit mode ON; LaTeX internals redefined.
Package hyperref Info: Bookmarks ON on input line 4688.
\c@Hy@tempcnt=\count123

(/usr/local/texlive/2015/texmf-dist/tex/latex/url/url.sty
\Urlmuskip=\muskip11
Package: url 2013/09/16  ver 3.4  Verb mode for urls, etc.
)
LaTeX Info: Redefining \url on input line 5041.
\XeTeXLinkMargin=\dimen144
\Fld@menulength=\count124
\Field@Width=\dimen145
\Fld@charsize=\dimen146
Package hyperref Info: Hyper figures OFF on input line 6295.
Package hyperref Info: Link nesting OFF on input line 6300.
Package hyperref Info: Hyper index ON on input line 6303.
Package hyperref Info: backreferencing OFF on input line 6310.
Package hyperref Info: Link coloring ON on input line 6313.
Package hyperref Info: Link coloring with OCG OFF on input line 6320.
Package hyperref Info: PDF/A mode OFF on input line 6325.
LaTeX Info: Redefining \ref on input line 6365.
LaTeX Info: Redefining \pageref on input line 6369.
\Hy@abspage=\count125
\c@Item=\count126
\c@Hfootnote=\count127
)

Package hyperref Message: Driver (autodetected): hpdftex.

(/usr/local/texlive/2015/texmf-dist/tex/latex/hyperref/hpdftex.def
File: hpdftex.def 2012/11/06 v6.83m Hyperref driver for pdfTeX
\Fld@listcount=\count128
\c@bookmark@seq@number=\count129

(/usr/local/texlive/2015/texmf-dist/tex/latex/oberdiek/rerunfilecheck.sty
Package: rerunfilecheck 2011/04/15 v1.7 Rerun checks for auxiliary files (HO)
Package uniquecounter Info: New unique counter `rerunfilecheck' on input line 2
82.
)
\Hy@SectionHShift=\skip63
)
\c@dummy=\count130

(/usr/local/texlive/2015/texmf-dist/tex/latex/tools/longtable.sty
Package: longtable 2014/10/28 v4.11 Multi-page Table package (DPC)
\LTleft=\skip64
\LTright=\skip65
\LTpre=\skip66
\LTpost=\skip67
\LTchunksize=\count131
\LTcapwidth=\dimen147
\LT@head=\box31
\LT@firsthead=\box32
\LT@foot=\box33
\LT@lastfoot=\box34
\LT@cols=\count132
\LT@rows=\count133
\c@LT@tables=\count134
\c@LT@chunks=\count135
\LT@p@ftn=\toks29
))
(/usr/local/texlive/2015/texmf-dist/tex/latex/natbib/natbib.sty
Package: natbib 2010/09/13 8.31b (PWD, AO)
\bibhang=\skip68
\bibsep=\skip69
LaTeX Info: Redefining \cite on input line 694.
\c@NAT@ctr=\count136
)
(/usr/local/texlive/2015/texmf-dist/tex/latex/tools/verbatim.sty
Package: verbatim 2014/10/28 v1.5q LaTeX2e package for verbatim enhancements
\every@verbatim=\toks30
\verbatim@line=\toks31
\verbatim@in@stream=\read1
)
(/usr/local/texlive/2015/texmf-dist/tex/latex/algorithm2e/algorithm2e.sty
Package: algorithm2e 2013/01/06 v5.00 algorithms environments
\c@AlgoLine=\count137

(/usr/local/texlive/2015/texmf-dist/tex/latex/relsize/relsize.sty
Package: relsize 2013/03/29 ver 4.1
)
********************************************************
Package `algorithm2e' Release 5.0 -- january 06 2013 --
- algorithm2e-announce@lirmm.fr mailing list for announcement about releases
- algorithm2e-discussion@lirmm.fr mailing list for discussion about package
subscribe by emailing sympa@lirmm.fr with 'subscribe <list> <firstname name>'
- Author: Christophe Fiorio (cfiorio@um2.fr)
********************************************************
\skiptotal=\skip70
\skiplinenumber=\skip71
\skiprule=\skip72
\skiphlne=\skip73
\skiptext=\skip74
\skiplength=\skip75
\algomargin=\skip76
\skipalgocfslide=\skip77
\algowidth=\dimen148
\inoutsize=\dimen149
\inoutindent=\dimen150
\interspacetitleruled=\dimen151
\interspacealgoruled=\dimen152
\interspacetitleboxruled=\dimen153
\algocf@inoutbox=\box35
\algocf@inputbox=\box36
\AlCapSkip=\skip78
\AlCapHSkip=\skip79
\algoskipindent=\skip80
\algocf@nlbox=\box37
\algocf@hangingbox=\box38
\algocf@untilbox=\box39
\algocf@skipuntil=\skip81
\algocf@capbox=\box40
\algoheightruledefault=\skip82
\algoheightrule=\skip83
\algotitleheightruledefault=\skip84
\algotitleheightrule=\skip85
\c@algocfline=\count138
\c@algocfproc=\count139
\c@algocf=\count140
\algocf@algoframe=\box41
\algocf@algobox=\box42
)
Package hyperref Info: Option `colorlinks' set `true' on input line 15.
 (/usr/local/texlive/2015/texmf-dist/tex/generic/babel/babel.sty
Package: babel 2014/09/25 3.9l The Babel package

(/usr/local/texlive/2015/texmf-dist/tex/generic/babel-english/english.ldf
Language: english 2012/08/20 v3.3p English support from the babel system

(/usr/local/texlive/2015/texmf-dist/tex/generic/babel/babel.def
File: babel.def 2014/09/25 3.9l Babel common definitions
\babel@savecnt=\count141
\U@D=\dimen154
)
\l@canadian = a dialect from \language\l@american 
\l@australian = a dialect from \language\l@british 
\l@newzealand = a dialect from \language\l@british 
))
(/usr/local/texlive/2015/texmf-dist/tex/latex/csquotes/csquotes.sty
Package: csquotes 2015/04/15 v5.1e context-sensitive quotations (JAW)

(/usr/local/texlive/2015/texmf-dist/tex/latex/etoolbox/etoolbox.sty
Package: etoolbox 2015/05/04 v2.2 e-TeX tools for LaTeX (JAW)
\etb@tempcnta=\count142
)
\csq@reset=\count143
\csq@gtype=\count144
\csq@glevel=\count145
\csq@qlevel=\count146
\csq@maxlvl=\count147
\csq@tshold=\count148
\csq@ltx@everypar=\toks32

(/usr/local/texlive/2015/texmf-dist/tex/latex/csquotes/csquotes.def
File: csquotes.def 2015/04/15 v5.1e csquotes generic definitions (JAW)
)
Package csquotes Info: Trying to load configuration file 'csquotes.cfg'...
Package csquotes Info: ... configuration file loaded successfully.

(/usr/local/texlive/2015/texmf-dist/tex/latex/csquotes/csquotes.cfg
File: csquotes.cfg 
)
Package csquotes Info: Enabling multilingual quotes.
)
(/usr/local/texlive/2015/texmf-dist/tex/latex/wrapfig/wrapfig.sty
\wrapoverhang=\dimen155
\WF@size=\dimen156
\c@WF@wrappedlines=\count149
\WF@box=\box43
\WF@everypar=\toks33
Package: wrapfig 2003/01/31  v 3.6
)
(/usr/local/texlive/2015/texmf-dist/tex/latex/parskip/parskip.sty
Package: parskip 2001/04/09 non-zero parskip adjustments
)
(/usr/local/texlive/2015/texmf-dist/tex/latex/makecell/makecell.sty
Package: makecell 2009/08/03 V0.1e Managing of Tab Column Heads and Cells

(/usr/local/texlive/2015/texmf-dist/tex/latex/tools/array.sty
Package: array 2014/10/28 v2.4c Tabular extension package (FMi)
\col@sep=\dimen157
\extrarowheight=\dimen158
\NC@list=\toks34
\extratabsurround=\skip86
\backup@length=\skip87
)
\rotheadsize=\dimen159
\c@nlinenum=\count150
\TeXr@lab=\toks35
)
(/usr/local/texlive/2015/texmf-dist/tex/latex/multirow/multirow.sty
\bigstrutjot=\dimen160
)
(/usr/local/texlive/2015/texmf-dist/tex/latex/pbox/pbox.sty
Package: pbox 2011/12/07 v1.2 Dynamic parboxes
\pb@xlen=\skip88
)
(/usr/local/texlive/2015/texmf-dist/tex/latex/xcolor/xcolor.sty
Package: xcolor 2007/01/21 v2.11 LaTeX color extensions (UK)

(/usr/local/texlive/2015/texmf-dist/tex/latex/latexconfig/color.cfg
File: color.cfg 2007/01/18 v1.5 color configuration of teTeX/TeXLive
)
Package xcolor Info: Driver file: pdftex.def on input line 225.

(/usr/local/texlive/2015/texmf-dist/tex/latex/colortbl/colortbl.sty
Package: colortbl 2012/02/13 v1.0a Color table columns (DPC)
\everycr=\toks36
\minrowclearance=\skip89
)
\rownum=\count151
Package xcolor Info: Model `cmy' substituted by `cmy0' on input line 1337.
Package xcolor Info: Model `hsb' substituted by `rgb' on input line 1341.
Package xcolor Info: Model `RGB' extended on input line 1353.
Package xcolor Info: Model `HTML' substituted by `rgb' on input line 1355.
Package xcolor Info: Model `Hsb' substituted by `hsb' on input line 1356.
Package xcolor Info: Model `tHsb' substituted by `hsb' on input line 1357.
Package xcolor Info: Model `HSB' substituted by `hsb' on input line 1358.
Package xcolor Info: Model `Gray' substituted by `gray' on input line 1359.
Package xcolor Info: Model `wave' substituted by `hsb' on input line 1360.
)
(/usr/local/texlive/2015/texmf-dist/tex/latex/adjustbox/adjustbox.sty
Package: adjustbox 2012/05/21 v1.0 Adjusting TeX boxes (trim, clip, ...)

(/usr/local/texlive/2015/texmf-dist/tex/latex/xkeyval/xkeyval.sty
Package: xkeyval 2014/12/03 v2.7a package option processing (HA)

(/usr/local/texlive/2015/texmf-dist/tex/generic/xkeyval/xkeyval.tex
(/usr/local/texlive/2015/texmf-dist/tex/generic/xkeyval/xkvutils.tex
\XKV@toks=\toks37
\XKV@tempa@toks=\toks38
)
\XKV@depth=\count152
File: xkeyval.tex 2014/12/03 v2.7a key=value parser (HA)
))
(/usr/local/texlive/2015/texmf-dist/tex/latex/adjustbox/adjcalc.sty
Package: adjcalc 2012/05/16 v1.1 Provides advanced setlength with multiple back
-ends (calc, etex, pgfmath)
)
(/usr/local/texlive/2015/texmf-dist/tex/latex/adjustbox/trimclip.sty
Package: trimclip 2012/05/16 v1.0 Trim and clip general TeX material

(/usr/local/texlive/2015/texmf-dist/tex/latex/collectbox/collectbox.sty
Package: collectbox 2012/05/17 v0.4b Collect macro arguments as boxes
\collectedbox=\box44
)
\tc@llx=\dimen161
\tc@lly=\dimen162
\tc@urx=\dimen163
\tc@ury=\dimen164
Package trimclip Info: Using driver 'tc-pdftex.def'.

(/usr/local/texlive/2015/texmf-dist/tex/latex/adjustbox/tc-pdftex.def
File: tc-pdftex.def 2012/05/13 v1.0 Clipping driver for pdftex
))
\adjbox@Width=\dimen165
\adjbox@Height=\dimen166
\adjbox@Depth=\dimen167
\adjbox@Totalheight=\dimen168

(/usr/local/texlive/2015/texmf-dist/tex/latex/ifoddpage/ifoddpage.sty
Package: ifoddpage 2011/09/13 v1.0 Conditionals for odd/even page detection
\c@checkoddpage=\count153
)
(/usr/local/texlive/2015/texmf-dist/tex/latex/varwidth/varwidth.sty
Package: varwidth 2009/03/30 ver 0.92;  Variable-width minipages
\@vwid@box=\box45
\sift@deathcycles=\count154
\@vwid@loff=\dimen169
\@vwid@roff=\dimen170
))
(/usr/local/texlive/2015/texmf-dist/tex/latex/caption/subcaption.sty
Package: subcaption 2013/02/03 v1.1-62 Sub-captions (AR)
\c@subfigure=\count155
\c@subtable=\count156
)
Package csquotes Info: Checking for multilingual support...
Package csquotes Info: ... found 'babel' package.

(./Thesis.aux)
\openout1 = `Thesis.aux'.

LaTeX Font Info:    Checking defaults for OML/cmm/m/it on input line 119.
LaTeX Font Info:    ... okay on input line 119.
LaTeX Font Info:    Checking defaults for T1/cmr/m/n on input line 119.
LaTeX Font Info:    ... okay on input line 119.
LaTeX Font Info:    Checking defaults for OT1/cmr/m/n on input line 119.
LaTeX Font Info:    ... okay on input line 119.
LaTeX Font Info:    Checking defaults for OMS/cmsy/m/n on input line 119.
LaTeX Font Info:    ... okay on input line 119.
LaTeX Font Info:    Checking defaults for OMX/cmex/m/n on input line 119.
LaTeX Font Info:    ... okay on input line 119.
LaTeX Font Info:    Checking defaults for U/cmr/m/n on input line 119.
LaTeX Font Info:    ... okay on input line 119.
LaTeX Font Info:    Checking defaults for PD1/pdf/m/n on input line 119.
LaTeX Font Info:    ... okay on input line 119.
LaTeX Font Info:    Checking defaults for PU/pdf/m/n on input line 119.
LaTeX Font Info:    ... okay on input line 119.
Package caption Info: Begin \AtBeginDocument code.
Package caption Info: hyperref package is loaded.
Package caption Info: listings package is loaded.
Package caption Info: longtable package is loaded.

(/usr/local/texlive/2015/texmf-dist/tex/latex/caption/ltcaption.sty
Package: ltcaption 2013/02/03 v1.3-62 longtable captions (AR)
)
Package caption Info: rotating package is loaded.
Package caption Info: wrapfig package is loaded.
Package caption Info: End \AtBeginDocument code.

(/usr/local/texlive/2015/texmf-dist/tex/context/base/supp-pdf.mkii
[Loading MPS to PDF converter (version 2006.09.02).]
\scratchcounter=\count157
\scratchdimen=\dimen171
\scratchbox=\box46
\nofMPsegments=\count158
\nofMParguments=\count159
\everyMPshowfont=\toks39
\MPscratchCnt=\count160
\MPscratchDim=\dimen172
\MPnumerator=\count161
\makeMPintoPDFobject=\count162
\everyMPtoPDFconversion=\toks40
)
\c@lstlisting=\count163
\AtBeginShipoutBox=\box47
Package hyperref Info: Link coloring ON on input line 119.
 (/usr/local/texlive/2015/texmf-dist/tex/latex/hyperref/nameref.sty
Package: nameref 2012/10/27 v2.43 Cross-referencing by name of section

(/usr/local/texlive/2015/texmf-dist/tex/generic/oberdiek/gettitlestring.sty
Package: gettitlestring 2010/12/03 v1.4 Cleanup title references (HO)
)
\c@section@level=\count164
)
LaTeX Info: Redefining \ref on input line 119.
LaTeX Info: Redefining \pageref on input line 119.
LaTeX Info: Redefining \nameref on input line 119.

(./Thesis.out) (./Thesis.out)
\@outlinefile=\write3
\openout3 = `Thesis.out'.


------------------------------------------------------------------------------
 Title Page
------------------------------------------------------------------------------
Package epstopdf Info: Source file: <Figures/hku.eps>
(epstopdf)                    date: 2015-05-11 15:11:52
(epstopdf)                    size: 437965 bytes
(epstopdf)             Output file: <Figures/hku-eps-converted-to.pdf>
(epstopdf)                    date: 2015-05-11 15:11:52
(epstopdf)                    size: 45652 bytes
(epstopdf)             Command: <repstopdf --outfile=Figures/hku-eps-converted-
to.pdf Figures/hku.eps>
(epstopdf)             \includegraphics on input line 134.
Package epstopdf Info: Output file is already uptodate.
<Figures/hku-eps-converted-to.pdf, id=410, 328.22626pt x 371.3875pt>
File: Figures/hku-eps-converted-to.pdf Graphic file (type pdf)

<use Figures/hku-eps-converted-to.pdf>
Package pdftex.def Info: Figures/hku-eps-converted-to.pdf used on input line 13
4.
(pdftex.def)             Requested size: 85.35826pt x 96.58113pt.
 [1



{/usr/local/texlive/2015/texmf-var/fonts/map/pdftex/updmap/pdftex.map} <./Figur
es/hku-eps-converted-to.pdf>]
------------------------------------------------------------------------------
 Declaration of Authorship
------------------------------------------------------------------------------
Missing character: There is no Ô in font cmr10!
Missing character: There is no ¨ in font cmr10!
Missing character: There is no Å in font cmr10!
[1

]
------------------------------------------------------------------------------
 Abstract Page
------------------------------------------------------------------------------
[2

] [3] [4]
------------------------------------------------------------------------------
 Acknowledgements
------------------------------------------------------------------------------
------------------------------------------------------------------------------
 Table of Contents
------------------------------------------------------------------------------
[5

] (./Thesis.toc
LaTeX Font Info:    Try loading font information for U+msa on input line 16.

(/usr/local/texlive/2015/texmf-dist/tex/latex/amsfonts/umsa.fd
File: umsa.fd 2013/01/14 v3.01 AMS symbols A
)
LaTeX Font Info:    Try loading font information for U+msb on input line 16.

(/usr/local/texlive/2015/texmf-dist/tex/latex/amsfonts/umsb.fd
File: umsb.fd 2013/01/14 v3.01 AMS symbols B
) [6

] [7]
[8])
\tf@toc=\write4
\openout4 = `Thesis.toc'.

 [9]
------------------------------------------------------------------------------
 List of Figures
------------------------------------------------------------------------------
(./Thesis.lof [10


])
\tf@lof=\write5
\openout5 = `Thesis.lof'.

 [11]
------------------------------------------------------------------------------
 List of Tables
------------------------------------------------------------------------------
(./Thesis.lot)
\tf@lot=\write6
\openout6 = `Thesis.lot'.

 [12


] (./Thesis.loa)
\tf@loa=\write7
\openout7 = `Thesis.loa'.

 [13


]
------------------------------------------------------------------------------
 Abbreviations
------------------------------------------------------------------------------
[14


]
------------------------------------------------------------------------------
 Dedicatory
------------------------------------------------------------------------------
[15

] (./chap-introduction/introduction.tex
Chapter 1.
------------------------------------------------------------------------------
 1 Introduction
------------------------------------------------------------------------------
[1



]
Overfull \hbox (7.13329pt too wide) in paragraph at lines 31--33
[]$\OML/cmm/m/it/10.95 .$ \OT1/cmr/bx/n/10.95 A Hy-brid Scal-ing Strat-egy: \OT
1/cmr/m/n/10.95 Most ex-ist-ing VNF man-age-ment sys-tems [[]] [[]]
 []

[2]
Overfull \hbox (3.88513pt too wide) in paragraph at lines 41--43
\OT1/cmr/m/n/10.95 Network func-tion vir-tu-al-iza-tion (NFV) ad-vo-cates mov-i
ng \OT1/cmr/m/it/10.95 net-work func-tions \OT1/cmr/m/n/10.95 (NFs)
 []

[3] [4] [5] [6] [7] [8] [9]) (./chap-scalims/section/introduction.tex [10]
Chapter 2.
------------------------------------------------------------------------------
 2 \textit {ScalIMS}: Scaling IMS Service Chains Across Geo-distributed Datacen
ters
------------------------------------------------------------------------------
[11

]
Overfull \hbox (7.13329pt too wide) in paragraph at lines 31--33
[]$\OML/cmm/m/it/10.95 .$ \OT1/cmr/bx/n/10.95 A Hy-brid Scal-ing Strat-egy: \OT
1/cmr/m/n/10.95 Most ex-ist-ing VNF man-age-ment sys-tems [[]] [[]]
 []

[12]) (./chap-scalims/section/background.tex
Package epstopdf Info: Source file: <chap-scalims/figure/IMS_architecture.eps>
(epstopdf)                    date: 2018-02-23 22:20:49
(epstopdf)                    size: 380663 bytes
(epstopdf)             Output file: <chap-scalims/figure/IMS_architecture-eps-c
onverted-to.pdf>
(epstopdf)                    date: 2018-02-23 22:20:49
(epstopdf)                    size: 56250 bytes
(epstopdf)             Command: <repstopdf --outfile=chap-scalims/figure/IMS_ar
chitecture-eps-converted-to.pdf chap-scalims/figure/IMS_architecture.eps>
(epstopdf)             \includegraphics on input line 7.
Package epstopdf Info: Output file is already uptodate.

<chap-scalims/figure/IMS_architecture-eps-converted-to.pdf, id=909, 1346.02875p
t x 590.205pt>
File: chap-scalims/figure/IMS_architecture-eps-converted-to.pdf Graphic file (t
ype pdf)
 <use chap-scalims/figure/IMS_architecture-eps-converted-to.pdf>
Package pdftex.def Info: chap-scalims/figure/IMS_architecture-eps-converted-to.
pdf used on input line 7.
(pdftex.def)             Requested size: 382.1436pt x 167.56175pt.

[13 <./chap-scalims/figure/IMS_architecture-eps-converted-to.pdf>] [14]
[15]) (./chap-scalims/section/motivation.tex [16]
Package epstopdf Info: Source file: <chap-scalims/figure/scalims-overall-arch.e
ps>
(epstopdf)                    date: 2018-02-23 22:20:49
(epstopdf)                    size: 339963 bytes
(epstopdf)             Output file: <chap-scalims/figure/scalims-overall-arch-e
ps-converted-to.pdf>
(epstopdf)                    date: 2018-02-23 22:20:49
(epstopdf)                    size: 54478 bytes
(epstopdf)             Command: <repstopdf --outfile=chap-scalims/figure/scalim
s-overall-arch-eps-converted-to.pdf chap-scalims/figure/scalims-overall-arch.ep
s>
(epstopdf)             \includegraphics on input line 23.
Package epstopdf Info: Output file is already uptodate.

<chap-scalims/figure/scalims-overall-arch-eps-converted-to.pdf, id=972, 884.303
76pt x 398.48875pt>
File: chap-scalims/figure/scalims-overall-arch-eps-converted-to.pdf Graphic fil
e (type pdf)

<use chap-scalims/figure/scalims-overall-arch-eps-converted-to.pdf>
Package pdftex.def Info: chap-scalims/figure/scalims-overall-arch-eps-converted
-to.pdf used on input line 23.
(pdftex.def)             Requested size: 382.1436pt x 172.20416pt.
 [17 <./chap-scalims/figure/scalims-overall-arch-eps-converted-to.pdf>])
(./chap-scalims/section/cp-scaling.tex [18] [19]
Package epstopdf Info: Source file: <chap-scalims/figure/scaling-work-flow.eps>

(epstopdf)                    date: 2018-02-23 22:20:49
(epstopdf)                    size: 359508 bytes
(epstopdf)             Output file: <chap-scalims/figure/scaling-work-flow-eps-
converted-to.pdf>
(epstopdf)                    date: 2018-02-23 22:20:49
(epstopdf)                    size: 60198 bytes
(epstopdf)             Command: <repstopdf --outfile=chap-scalims/figure/scalin
g-work-flow-eps-converted-to.pdf chap-scalims/figure/scaling-work-flow.eps>
(epstopdf)             \includegraphics on input line 31.
Package epstopdf Info: Output file is already uptodate.

<chap-scalims/figure/scaling-work-flow-eps-converted-to.pdf, id=999, 984.67876p
t x 416.55624pt>
File: chap-scalims/figure/scaling-work-flow-eps-converted-to.pdf Graphic file (
type pdf)

<use chap-scalims/figure/scaling-work-flow-eps-converted-to.pdf>
Package pdftex.def Info: chap-scalims/figure/scaling-work-flow-eps-converted-to
.pdf used on input line 31.
(pdftex.def)             Requested size: 382.1436pt x 161.66176pt.
 [20 <./chap-scalims/figure/scaling-work-flow-eps-converted-to.pdf>] [21] [22] 
[23])
(./chap-scalims/section/dp-scaling.tex [24] [25] [26] [27] [28]
Overfull \hbox (13.75056pt too wide) detected at line 166
[][]
 []

[29] [30] [31] [32]) (./chap-scalims/section/evaluation.tex [33] [34]
Package epstopdf Info: Source file: <chap-scalims/figure/nf-creation1.eps>
(epstopdf)                    date: 2018-02-23 22:20:49
(epstopdf)                    size: 36466 bytes
(epstopdf)             Output file: <chap-scalims/figure/nf-creation1-eps-conve
rted-to.pdf>
(epstopdf)                    date: 2018-02-23 22:20:49
(epstopdf)                    size: 21643 bytes
(epstopdf)             Command: <repstopdf --outfile=chap-scalims/figure/nf-cre
ation1-eps-converted-to.pdf chap-scalims/figure/nf-creation1.eps>
(epstopdf)             \includegraphics on input line 77.
Package epstopdf Info: Output file is already uptodate.

<chap-scalims/figure/nf-creation1-eps-converted-to.pdf, id=1198, 578.16pt x 433
.62pt>
File: chap-scalims/figure/nf-creation1-eps-converted-to.pdf Graphic file (type 
pdf)
 <use chap-scalims/figure/nf-creation1-eps-converted-to.pdf>
Package pdftex.def Info: chap-scalims/figure/nf-creation1-eps-converted-to.pdf 
used on input line 77.
(pdftex.def)             Requested size: 187.25246pt x 140.43521pt.
Package epstopdf Info: Source file: <chap-scalims/figure/nf-creation2.eps>
(epstopdf)                    date: 2018-02-23 22:20:49
(epstopdf)                    size: 36904 bytes
(epstopdf)             Output file: <chap-scalims/figure/nf-creation2-eps-conve
rted-to.pdf>
(epstopdf)                    date: 2018-02-23 22:20:49
(epstopdf)                    size: 20670 bytes
(epstopdf)             Command: <repstopdf --outfile=chap-scalims/figure/nf-cre
ation2-eps-converted-to.pdf chap-scalims/figure/nf-creation2.eps>
(epstopdf)             \includegraphics on input line 81.
Package epstopdf Info: Output file is already uptodate.

<chap-scalims/figure/nf-creation2-eps-converted-to.pdf, id=1199, 578.16pt x 433
.62pt>
File: chap-scalims/figure/nf-creation2-eps-converted-to.pdf Graphic file (type 
pdf)
 <use chap-scalims/figure/nf-creation2-eps-converted-to.pdf>
Package pdftex.def Info: chap-scalims/figure/nf-creation2-eps-converted-to.pdf 
used on input line 81.
(pdftex.def)             Requested size: 187.25246pt x 140.43521pt.
Package epstopdf Info: Source file: <chap-scalims/figure/syn-lossrate-rtt.eps>
(epstopdf)                    date: 2018-02-23 22:20:49
(epstopdf)                    size: 73676 bytes
(epstopdf)             Output file: <chap-scalims/figure/syn-lossrate-rtt-eps-c
onverted-to.pdf>
(epstopdf)                    date: 2018-02-23 22:20:49
(epstopdf)                    size: 31984 bytes
(epstopdf)             Command: <repstopdf --outfile=chap-scalims/figure/syn-lo
ssrate-rtt-eps-converted-to.pdf chap-scalims/figure/syn-lossrate-rtt.eps>
(epstopdf)             \includegraphics on input line 91.
Package epstopdf Info: Output file is already uptodate.

<chap-scalims/figure/syn-lossrate-rtt-eps-converted-to.pdf, id=1200, 578.16pt x
 433.62pt>
File: chap-scalims/figure/syn-lossrate-rtt-eps-converted-to.pdf Graphic file (t
ype pdf)
 <use chap-scalims/figure/syn-lossrate-rtt-eps-converted-to.pdf>
Package pdftex.def Info: chap-scalims/figure/syn-lossrate-rtt-eps-converted-to.
pdf used on input line 91.
(pdftex.def)             Requested size: 382.1436pt x 286.60692pt.

[35 <./chap-scalims/figure/nf-creation1-eps-converted-to.pdf> <./chap-scalims/f
igure/nf-creation2-eps-converted-to.pdf>]
Package epstopdf Info: Source file: <chap-scalims/figure/syn-cp1.eps>
(epstopdf)                    date: 2018-02-23 22:20:49
(epstopdf)                    size: 32034 bytes
(epstopdf)             Output file: <chap-scalims/figure/syn-cp1-eps-converted-
to.pdf>
(epstopdf)                    date: 2018-02-23 22:20:49
(epstopdf)                    size: 21312 bytes
(epstopdf)             Command: <repstopdf --outfile=chap-scalims/figure/syn-cp
1-eps-converted-to.pdf chap-scalims/figure/syn-cp1.eps>
(epstopdf)             \includegraphics on input line 99.
Package epstopdf Info: Output file is already uptodate.

<chap-scalims/figure/syn-cp1-eps-converted-to.pdf, id=1291, 578.16pt x 433.62pt
>
File: chap-scalims/figure/syn-cp1-eps-converted-to.pdf Graphic file (type pdf)
 <use chap-scalims/figure/syn-cp1-eps-converted-to.pdf>
Package pdftex.def Info: chap-scalims/figure/syn-cp1-eps-converted-to.pdf used 
on input line 99.
(pdftex.def)             Requested size: 187.25246pt x 140.43521pt.
Package epstopdf Info: Source file: <chap-scalims/figure/syn-cp2.eps>
(epstopdf)                    date: 2018-02-23 22:20:49
(epstopdf)                    size: 31532 bytes
(epstopdf)             Output file: <chap-scalims/figure/syn-cp2-eps-converted-
to.pdf>
(epstopdf)                    date: 2018-02-23 22:20:49
(epstopdf)                    size: 20809 bytes
(epstopdf)             Command: <repstopdf --outfile=chap-scalims/figure/syn-cp
2-eps-converted-to.pdf chap-scalims/figure/syn-cp2.eps>
(epstopdf)             \includegraphics on input line 103.
Package epstopdf Info: Output file is already uptodate.

<chap-scalims/figure/syn-cp2-eps-converted-to.pdf, id=1292, 578.16pt x 433.62pt
>
File: chap-scalims/figure/syn-cp2-eps-converted-to.pdf Graphic file (type pdf)
 <use chap-scalims/figure/syn-cp2-eps-converted-to.pdf>
Package pdftex.def Info: chap-scalims/figure/syn-cp2-eps-converted-to.pdf used 
on input line 103.
(pdftex.def)             Requested size: 187.25246pt x 140.43521pt.
 [36 <./chap-scalims/figure/syn-lossrate-rtt-eps-converted-to.pdf> <./chap-scal
ims/figure/syn-cp1-eps-converted-to.pdf> <./chap-scalims/figure/syn-cp2-eps-con
verted-to.pdf>]
Package epstopdf Info: Source file: <chap-scalims/figure/nonsyn-rttloss1.eps>
(epstopdf)                    date: 2018-02-23 22:20:49
(epstopdf)                    size: 29833 bytes
(epstopdf)             Output file: <chap-scalims/figure/nonsyn-rttloss1-eps-co
nverted-to.pdf>
(epstopdf)                    date: 2018-02-23 22:20:49
(epstopdf)                    size: 20422 bytes
(epstopdf)             Command: <repstopdf --outfile=chap-scalims/figure/nonsyn
-rttloss1-eps-converted-to.pdf chap-scalims/figure/nonsyn-rttloss1.eps>
(epstopdf)             \includegraphics on input line 136.
Package epstopdf Info: Output file is already uptodate.

<chap-scalims/figure/nonsyn-rttloss1-eps-converted-to.pdf, id=1433, 578.16pt x 
433.62pt>
File: chap-scalims/figure/nonsyn-rttloss1-eps-converted-to.pdf Graphic file (ty
pe pdf)
 <use chap-scalims/figure/nonsyn-rttloss1-eps-converted-to.pdf>
Package pdftex.def Info: chap-scalims/figure/nonsyn-rttloss1-eps-converted-to.p
df used on input line 136.
(pdftex.def)             Requested size: 187.25246pt x 140.43521pt.
Package epstopdf Info: Source file: <chap-scalims/figure/nonsyn-rttloss2.eps>
(epstopdf)                    date: 2018-02-23 22:20:49
(epstopdf)                    size: 36268 bytes
(epstopdf)             Output file: <chap-scalims/figure/nonsyn-rttloss2-eps-co
nverted-to.pdf>
(epstopdf)                    date: 2018-02-23 22:20:49
(epstopdf)                    size: 22947 bytes
(epstopdf)             Command: <repstopdf --outfile=chap-scalims/figure/nonsyn
-rttloss2-eps-converted-to.pdf chap-scalims/figure/nonsyn-rttloss2.eps>
(epstopdf)             \includegraphics on input line 140.
Package epstopdf Info: Output file is already uptodate.

<chap-scalims/figure/nonsyn-rttloss2-eps-converted-to.pdf, id=1434, 578.16pt x 
433.62pt>
File: chap-scalims/figure/nonsyn-rttloss2-eps-converted-to.pdf Graphic file (ty
pe pdf)
 <use chap-scalims/figure/nonsyn-rttloss2-eps-converted-to.pdf>
Package pdftex.def Info: chap-scalims/figure/nonsyn-rttloss2-eps-converted-to.p
df used on input line 140.
(pdftex.def)             Requested size: 187.25246pt x 140.43521pt.


LaTeX Warning: `!h' float specifier changed to `!ht'.

[37]
Package epstopdf Info: Source file: <chap-scalims/figure/nonsyn-reason.eps>
(epstopdf)                    date: 2018-02-23 22:20:49
(epstopdf)                    size: 101593 bytes
(epstopdf)             Output file: <chap-scalims/figure/nonsyn-reason-eps-conv
erted-to.pdf>
(epstopdf)                    date: 2018-02-23 22:20:49
(epstopdf)                    size: 37628 bytes
(epstopdf)             Command: <repstopdf --outfile=chap-scalims/figure/nonsyn
-reason-eps-converted-to.pdf chap-scalims/figure/nonsyn-reason.eps>
(epstopdf)             \includegraphics on input line 158.
Package epstopdf Info: Output file is already uptodate.

<chap-scalims/figure/nonsyn-reason-eps-converted-to.pdf, id=1443, 578.16pt x 43
3.62pt>
File: chap-scalims/figure/nonsyn-reason-eps-converted-to.pdf Graphic file (type
 pdf)
 <use chap-scalims/figure/nonsyn-reason-eps-converted-to.pdf>
Package pdftex.def Info: chap-scalims/figure/nonsyn-reason-eps-converted-to.pdf
 used on input line 158.
(pdftex.def)             Requested size: 382.1436pt x 286.60692pt.


LaTeX Warning: `!h' float specifier changed to `!ht'.

) (./chap-scalims/section/conclusion.tex [38 <./chap-scalims/figure/nonsyn-rttl
oss1-eps-converted-to.pdf> <./chap-scalims/figure/nonsyn-rttloss2-eps-converted
-to.pdf>]) (./chap-nfvactor/section/introduction.tex [39 <./chap-scalims/figure
/nonsyn-reason-eps-converted-to.pdf>]
Chapter 3.
------------------------------------------------------------------------------
 3 \textit {NFVactor}: A Resilient NFV System using the Distributed Actor Model

------------------------------------------------------------------------------

Overfull \hbox (3.88513pt too wide) in paragraph at lines 7--9
\OT1/cmr/m/n/10.95 Network func-tion vir-tu-al-iza-tion (NFV) ad-vo-cates mov-i
ng \OT1/cmr/m/it/10.95 net-work func-tions \OT1/cmr/m/n/10.95 (NFs)
 []

[40

] [41] [42] [43]) (./chap-nfvactor/section/motivation.tex [44])
(./chap-nfvactor/section/runtime-and-controller.tex
<chap-nfvactor/figure/new-nfactor-cluster.pdf, id=1679, 1895.08pt x 1597.97pt>
File: chap-nfvactor/figure/new-nfactor-cluster.pdf Graphic file (type pdf)

<use chap-nfvactor/figure/new-nfactor-cluster.pdf>
Package pdftex.def Info: chap-nfvactor/figure/new-nfactor-cluster.pdf used on i
nput line 7.
(pdftex.def)             Requested size: 382.1436pt x 322.22171pt.
 [45] [46 <./chap-nfvactor/figure/new-nfactor-cluster.pdf>]
<chap-nfvactor/figure/new-nfactor-runtime-arch.pdf, id=1753, 845.1575pt x 597.2
3125pt>
File: chap-nfvactor/figure/new-nfactor-runtime-arch.pdf Graphic file (type pdf)

 <use chap-nfvactor/figure/new-nfactor-runtime-arch.pdf>
Package pdftex.def Info: chap-nfvactor/figure/new-nfactor-runtime-arch.pdf used
 on input line 42.
(pdftex.def)             Requested size: 382.1436pt x 270.04562pt.
 [47] [48 <./chap-nfvactor/figure/new-nfactor-runtime-arch.pdf, page is rotated
 90 degrees>]
Overfull \hbox (19.20456pt too wide) in paragraph at lines 64--65
\OT1/cmr/m/n/10.95 Each run-time is con-fig-ured with a se-quen-tial ser-vice c
hain (\OT1/cmr/m/it/10.95 e.g.\OT1/cmr/m/n/10.95 , firewall$\OMS/cmsy/m/n/10.95
 !$\OT1/cmr/m/n/10.95 NAT$\OMS/cmsy/m/n/10.95 !$\OT1/cmr/m/n/10.95 load-
 []

[49] [50]) (./chap-nfvactor/section/nf-api.tex [51] [52] [53])
(./chap-nfvactor/section/migration-replication.tex
<chap-nfvactor/figure/nfactor-replication.pdf, id=1826, 845.1575pt x 597.23125p
t>
File: chap-nfvactor/figure/nfactor-replication.pdf Graphic file (type pdf)
 <use chap-nfvactor/figure/nfactor-replication.pdf>
Package pdftex.def Info: chap-nfvactor/figure/nfactor-replication.pdf used on i
nput line 12.
(pdftex.def)             Requested size: 187.25246pt x 132.3208pt.

<chap-nfvactor/figure/nfactor-recover.pdf, id=1827, 845.1575pt x 597.23125pt>
File: chap-nfvactor/figure/nfactor-recover.pdf Graphic file (type pdf)

<use chap-nfvactor/figure/nfactor-recover.pdf>
Package pdftex.def Info: chap-nfvactor/figure/nfactor-recover.pdf used on input
 line 17.
(pdftex.def)             Requested size: 187.25246pt x 132.3208pt.
 [54 <./chap-nfvactor/figure/nfactor-replication.pdf, page is rotated 90 degree
s> <./chap-nfvactor/figure/nfactor-recover.pdf, page is rotated 90 degrees>] [5
5]
<chap-nfvactor/figure/nfactor-mig1.pdf, id=1872, 845.1575pt x 597.23125pt>
File: chap-nfvactor/figure/nfactor-mig1.pdf Graphic file (type pdf)

<use chap-nfvactor/figure/nfactor-mig1.pdf>
Package pdftex.def Info: chap-nfvactor/figure/nfactor-mig1.pdf used on input li
ne 46.
(pdftex.def)             Requested size: 138.71965pt x 98.01945pt.

Overfull \hbox (12.61157pt too wide) in paragraph at lines 46--47
 [][] 
 []

<chap-nfvactor/figure/nfactor-mig2.pdf, id=1873, 845.1575pt x 597.23125pt>
File: chap-nfvactor/figure/nfactor-mig2.pdf Graphic file (type pdf)

<use chap-nfvactor/figure/nfactor-mig2.pdf>
Package pdftex.def Info: chap-nfvactor/figure/nfactor-mig2.pdf used on input li
ne 51.
(pdftex.def)             Requested size: 138.71965pt x 98.01945pt.

Overfull \hbox (12.61157pt too wide) in paragraph at lines 51--52
 [][] 
 []

<chap-nfvactor/figure/nfactor-mig3.pdf, id=1874, 845.1575pt x 597.23125pt>
File: chap-nfvactor/figure/nfactor-mig3.pdf Graphic file (type pdf)

<use chap-nfvactor/figure/nfactor-mig3.pdf>
Package pdftex.def Info: chap-nfvactor/figure/nfactor-mig3.pdf used on input li
ne 56.
(pdftex.def)             Requested size: 138.71965pt x 98.01945pt.

Overfull \hbox (12.61157pt too wide) in paragraph at lines 56--57
 [][] 
 []

[56 <./chap-nfvactor/figure/nfactor-mig1.pdf, page is rotated 90 degrees> <./ch
ap-nfvactor/figure/nfactor-mig2.pdf, page is rotated 90 degrees> <./chap-nfvact
or/figure/nfactor-mig3.pdf, page is rotated 90 degrees>]
Overfull \hbox (6.76959pt too wide) in paragraph at lines 64--65
[]\OT1/cmr/m/n/10.95 In \OT1/cmr/m/it/10.95 NF-Vac-tor\OT1/cmr/m/n/10.95 , the 
co-or-di-na-tor starts flow mi-gra-tion by call-ing $\OML/cmm/m/it/10.95 set[]m
igration[]target$
 []

[57]) (./chap-nfvactor/section/implementation.tex
<chap-nfvactor/figure/actor-scheduling.pdf, id=1930, 451.6875pt x 342.27875pt>
File: chap-nfvactor/figure/actor-scheduling.pdf Graphic file (type pdf)

<use chap-nfvactor/figure/actor-scheduling.pdf>
Package pdftex.def Info: chap-nfvactor/figure/actor-scheduling.pdf used on inpu
t line 7.
(pdftex.def)             Requested size: 187.25246pt x 141.89679pt.

<chap-nfvactor/figure/graph-scheduling.pdf, id=1931, 452.69125pt x 343.2825pt>
File: chap-nfvactor/figure/graph-scheduling.pdf Graphic file (type pdf)

<use chap-nfvactor/figure/graph-scheduling.pdf>
Package pdftex.def Info: chap-nfvactor/figure/graph-scheduling.pdf used on inpu
t line 12.
(pdftex.def)             Requested size: 187.25246pt x 141.99338pt.


LaTeX Warning: `!h' float specifier changed to `!ht'.

[58] [59 <./chap-nfvactor/figure/actor-scheduling.pdf> <./chap-nfvactor/figure/
graph-scheduling.pdf>] [60]) (./chap-nfvactor/section/evaluation.tex [61]
<chap-nfvactor/exp-figure/micro_throughput.pdf, id=1974, 429.22357pt x 351.9910
9pt>
File: chap-nfvactor/exp-figure/micro_throughput.pdf Graphic file (type pdf)
 <use chap-nfvactor/exp-figure/micro_throughput.pdf>
Package pdftex.def Info: chap-nfvactor/exp-figure/micro_throughput.pdf used on 
input line 15.
(pdftex.def)             Requested size: 187.25246pt x 153.5553pt.

<chap-nfvactor/exp-figure/micro_latency.pdf, id=1975, 457.33173pt x 351.99109pt
>
File: chap-nfvactor/exp-figure/micro_latency.pdf Graphic file (type pdf)
 <use chap-nfvactor/exp-figure/micro_latency.pdf>
Package pdftex.def Info: chap-nfvactor/exp-figure/micro_latency.pdf used on inp
ut line 20.
(pdftex.def)             Requested size: 187.25246pt x 144.11855pt.

<chap-nfvactor/exp-figure/micro_launch_time.pdf, id=1976, 419.62521pt x 300.184
63pt>
File: chap-nfvactor/exp-figure/micro_launch_time.pdf Graphic file (type pdf)
 <use chap-nfvactor/exp-figure/micro_launch_time.pdf>
Package pdftex.def Info: chap-nfvactor/exp-figure/micro_launch_time.pdf used on
 input line 25.
(pdftex.def)             Requested size: 187.25246pt x 133.95503pt.

<chap-nfvactor/exp-figure/micro_mp.pdf, id=1977, 430.88141pt x 318.58348pt>
File: chap-nfvactor/exp-figure/micro_mp.pdf Graphic file (type pdf)

<use chap-nfvactor/exp-figure/micro_mp.pdf>
Package pdftex.def Info: chap-nfvactor/exp-figure/micro_mp.pdf used on input li
ne 30.
(pdftex.def)             Requested size: 187.25246pt x 138.45143pt.
 [62 <./chap-nfvactor/exp-figure/micro_throughput.pdf> <./chap-nfvactor/exp-fig
ure/micro_latency.pdf

pdfTeX warning: pdflatex (file ./chap-nfvactor/exp-figure/micro_latency.pdf): P
DF inclusion: multiple pdfs with page group included in a single page
> <./chap-nfvactor/exp-figure/micro_launch_time.pdf

pdfTeX warning: pdflatex (file ./chap-nfvactor/exp-figure/micro_launch_time.pdf
): PDF inclusion: multiple pdfs with page group included in a single page
> <./chap-nfvactor/exp-figure/micro_mp.pdf

pdfTeX warning: pdflatex (file ./chap-nfvactor/exp-figure/micro_mp.pdf): PDF in
clusion: multiple pdfs with page group included in a single page
>] [63]
<chap-nfvactor/exp-figure/throughput_scaling.pdf, id=2182, 420.8799pt x 321.484
94pt>
File: chap-nfvactor/exp-figure/throughput_scaling.pdf Graphic file (type pdf)
 <use chap-nfvactor/exp-figure/throughput_scaling.pdf>
Package pdftex.def Info: chap-nfvactor/exp-figure/throughput_scaling.pdf used o
n input line 60.
(pdftex.def)             Requested size: 187.25246pt x 143.02846pt.

<chap-nfvactor/exp-figure/throughput_latency_cdf.pdf, id=2183, 434.77902pt x 32
1.48494pt>
File: chap-nfvactor/exp-figure/throughput_latency_cdf.pdf Graphic file (type pd
f)
 <use chap-nfvactor/exp-figure/throughput_latency_cdf.pdf>
Package pdftex.def Info: chap-nfvactor/exp-figure/throughput_latency_cdf.pdf us
ed on input line 65.
(pdftex.def)             Requested size: 187.25246pt x 138.46147pt.

<chap-nfvactor/exp-figure/throughput_2sc.pdf, id=2184, 429.22357pt x 325.39015p
t>
File: chap-nfvactor/exp-figure/throughput_2sc.pdf Graphic file (type pdf)
 <use chap-nfvactor/exp-figure/throughput_2sc.pdf>
Package pdftex.def Info: chap-nfvactor/exp-figure/throughput_2sc.pdf used on in
put line 70.
(pdftex.def)             Requested size: 187.25246pt x 141.9507pt.

<chap-nfvactor/figure/Scale.pdf, id=2185, 402.02821pt x 315.66632pt>
File: chap-nfvactor/figure/Scale.pdf Graphic file (type pdf)

<use chap-nfvactor/figure/Scale.pdf>
Package pdftex.def Info: chap-nfvactor/figure/Scale.pdf used on input line 75.
(pdftex.def)             Requested size: 187.25246pt x 147.02896pt.
 [64 <./chap-nfvactor/exp-figure/throughput_scaling.pdf> <./chap-nfvactor/exp-f
igure/throughput_latency_cdf.pdf

pdfTeX warning: pdflatex (file ./chap-nfvactor/exp-figure/throughput_latency_cd
f.pdf): PDF inclusion: multiple pdfs with page group included in a single page
> <./chap-nfvactor/exp-figure/throughput_2sc.pdf

pdfTeX warning: pdflatex (file ./chap-nfvactor/exp-figure/throughput_2sc.pdf): 
PDF inclusion: multiple pdfs with page group included in a single page
> <./chap-nfvactor/figure/Scale.pdf

pdfTeX warning: pdflatex (file ./chap-nfvactor/figure/Scale.pdf): PDF inclusion
: multiple pdfs with page group included in a single page
>]
<chap-nfvactor/exp-figure/rep_scaling.pdf, id=2355, 408.11345pt x 321.48494pt>
File: chap-nfvactor/exp-figure/rep_scaling.pdf Graphic file (type pdf)

<use chap-nfvactor/exp-figure/rep_scaling.pdf>
Package pdftex.def Info: chap-nfvactor/exp-figure/rep_scaling.pdf used on input
 line 99.
(pdftex.def)             Requested size: 187.25246pt x 147.50223pt.

<chap-nfvactor/exp-figure/rep_latency_pdf.pdf, id=2356, 427.26312pt x 321.48494
pt>
File: chap-nfvactor/exp-figure/rep_latency_pdf.pdf Graphic file (type pdf)
 <use chap-nfvactor/exp-figure/rep_latency_pdf.pdf>
Package pdftex.def Info: chap-nfvactor/exp-figure/rep_latency_pdf.pdf used on i
nput line 104.
(pdftex.def)             Requested size: 187.25246pt x 140.89458pt.
 [65] [66 <./chap-nfvactor/exp-figure/rep_scaling.pdf> <./chap-nfvactor/exp-fig
ure/rep_latency_pdf.pdf

pdfTeX warning: pdflatex (file ./chap-nfvactor/exp-figure/rep_latency_pdf.pdf):
 PDF inclusion: multiple pdfs with page group included in a single page
>]
<chap-nfvactor/exp-figure/migration_compare.pdf, id=2461, 463.71495pt x 325.390
15pt>
File: chap-nfvactor/exp-figure/migration_compare.pdf Graphic file (type pdf)
 <use chap-nfvactor/exp-figure/migration_compare.pdf>
Package pdftex.def Info: chap-nfvactor/exp-figure/migration_compare.pdf used on
 input line 143.
(pdftex.def)             Requested size: 187.25246pt x 131.395pt.

<chap-nfvactor/exp-figure/migration_time.pdf, id=2462, 463.89696pt x 321.50063p
t>
File: chap-nfvactor/exp-figure/migration_time.pdf Graphic file (type pdf)
 <use chap-nfvactor/exp-figure/migration_time.pdf>
Package pdftex.def Info: chap-nfvactor/exp-figure/migration_time.pdf used on in
put line 147.
(pdftex.def)             Requested size: 187.25246pt x 129.77533pt.


LaTeX Warning: `!h' float specifier changed to `!ht'.

[67] [68 <./chap-nfvactor/exp-figure/migration_compare.pdf> <./chap-nfvactor/ex
p-figure/migration_time.pdf

pdfTeX warning: pdflatex (file ./chap-nfvactor/exp-figure/migration_time.pdf): 
PDF inclusion: multiple pdfs with page group included in a single page
>]) (./chap-nfvactor/section/related-work.tex)
(./chap-nfvactor/section/conclusion.tex [69])
(./chap-netstar/section/introduction.tex [70]
Chapter 4.
------------------------------------------------------------------------------
 4 \textit {NetStar}: A Future/Promise Framework for Asynchronous Network Funct
ions
------------------------------------------------------------------------------
[71

] [72] [73] [74]) (./chap-netstar/section/motivation.tex
<chap-netstar/figure/ids_process_loop.pdf, id=2651, 1415.2875pt x 1219.55624pt>
File: chap-netstar/figure/ids_process_loop.pdf Graphic file (type pdf)
<use chap-netstar/figure/ids_process_loop.pdf>
Package pdftex.def Info: chap-netstar/figure/ids_process_loop.pdf used on input
 line 56.
(pdftex.def)             Requested size: 382.1436pt x 329.28459pt.


LaTeX Warning: `!h' float specifier changed to `!ht'.

(/usr/local/texlive/2015/texmf-dist/tex/latex/listings/lstlang1.sty
File: lstlang1.sty 2014/09/06 1.5e listings language file
)
(/usr/local/texlive/2015/texmf-dist/tex/latex/listings/lstlang1.sty
File: lstlang1.sty 2014/09/06 1.5e listings language file
)
(/usr/local/texlive/2015/texmf-dist/tex/latex/listings/lstmisc.sty
File: lstmisc.sty 2014/09/06 1.5e (Carsten Heinz)
) [75]
[76 <./chap-netstar/figure/ids_process_loop.pdf>] [77]
Overfull \hbox (3.378pt too wide) in paragraph at lines 129--130
\OT1/cmr/m/n/10.95 pro-gram-ming. It sim-pli-fies asyn-chronous pro-gram-ming b
y mim-ick-ing syn-chronous
 []

[78]
Overfull \hbox (5.60147pt too wide) in paragraph at lines 151--153
\OT1/cmr/m/n/10.95 Here, the con-tin-u-a-tion is pre-sented as a C++ lambda fun
c-tion [[]]. []
 []

[79] [80] [81]
Overfull \hbox (1.76585pt too wide) in paragraph at lines 237--239
\OT1/cmr/m/n/10.95 servers [[]]. It only ex-poses a socket-like in-ter-face for
 in-ter-act-ing with application-
 []

) (./chap-netstar/section/overview.tex
<chap-netstar/figure/netstar-overvew.pdf, id=2739, 354.32375pt x 261.97874pt>
File: chap-netstar/figure/netstar-overvew.pdf Graphic file (type pdf)

<use chap-netstar/figure/netstar-overvew.pdf>
Package pdftex.def Info: chap-netstar/figure/netstar-overvew.pdf used on input 
line 7.
(pdftex.def)             Requested size: 229.28848pt x 169.53264pt.


LaTeX Warning: `!h' float specifier changed to `!ht'.

[82] [83 <./chap-netstar/figure/netstar-overvew.pdf>])
(./chap-netstar/section/framework.tex [84]
<chap-netstar/figure/async-flow-object.pdf, id=2763, 843.15pt x 320.19624pt>
File: chap-netstar/figure/async-flow-object.pdf Graphic file (type pdf)

<use chap-netstar/figure/async-flow-object.pdf>
Package pdftex.def Info: chap-netstar/figure/async-flow-object.pdf used on inpu
t line 42.
(pdftex.def)             Requested size: 382.1436pt x 145.12276pt.
 [85 <./chap-netstar/figure/async-flow-object.pdf>] [86] [87]) (./chap-netstar/
section/example.tex
<chap-netstar/figure/netstar_code_graph.pdf, id=2795, 1576.91563pt x 1961.36572
pt>
File: chap-netstar/figure/netstar_code_graph.pdf Graphic file (type pdf)
 <use chap-netstar/figure/netstar_code_graph.pdf>
Package pdftex.def Info: chap-netstar/figure/netstar_code_graph.pdf used on inp
ut line 67.
(pdftex.def)             Requested size: 382.1436pt x 475.28645pt.


LaTeX Warning: `!h' float specifier changed to `!ht'.

[88] [89 <./chap-netstar/figure/netstar_code_graph.pdf>])
(./chap-netstar/section/implementation.tex [90] [91])
(./chap-netstar/section/new-evaluation.tex [92] [93]
<chap-netstar/figure_src/Raw_forwarding_performance.pdf, id=2871, 429.22357pt x
 325.39015pt>
File: chap-netstar/figure_src/Raw_forwarding_performance.pdf Graphic file (type
 pdf)
 <use chap-netstar/figure_src/Raw_forwarding_performance.pdf>
Package pdftex.def Info: chap-netstar/figure_src/Raw_forwarding_performance.pdf
 used on input line 31.
(pdftex.def)             Requested size: 187.25246pt x 141.9507pt.

<chap-netstar/figure_src/scalability.pdf, id=2872, 422.84035pt x 325.39015pt>
File: chap-netstar/figure_src/scalability.pdf Graphic file (type pdf)

<use chap-netstar/figure_src/scalability.pdf>
Package pdftex.def Info: chap-netstar/figure_src/scalability.pdf used on input 
line 41.
(pdftex.def)             Requested size: 187.25246pt x 144.10056pt.
 [94 <./chap-netstar/figure_src/Raw_forwarding_performance.pdf> <./chap-netstar
/figure_src/scalability.pdf

pdfTeX warning: pdflatex (file ./chap-netstar/figure_src/scalability.pdf): PDF 
inclusion: multiple pdfs with page group included in a single page
>]
<chap-netstar/figure_src/read_write_throughput.pdf, id=2968, 405.21199pt x 313.
72156pt>
File: chap-netstar/figure_src/read_write_throughput.pdf Graphic file (type pdf)

 <use chap-netstar/figure_src/read_write_throughput.pdf>
Package pdftex.def Info: chap-netstar/figure_src/read_write_throughput.pdf used
 on input line 69.
(pdftex.def)             Requested size: 187.25246pt x 144.97426pt.

<chap-netstar/figure_src/read_write_speed.pdf, id=2969, 440.46243pt x 313.72156
pt>
File: chap-netstar/figure_src/read_write_speed.pdf Graphic file (type pdf)
 <use chap-netstar/figure_src/read_write_speed.pdf>
Package pdftex.def Info: chap-netstar/figure_src/read_write_speed.pdf used on i
nput line 74.
(pdftex.def)             Requested size: 187.25246pt x 133.37057pt.


LaTeX Warning: `!h' float specifier changed to `!ht'.

[95]

Package hyperref Warning: Token not allowed in a PDF string (Unicode):
(hyperref)                removing `\begingroup' on input line 93.


Package hyperref Warning: Token not allowed in a PDF string (Unicode):
(hyperref)                removing `\<let>-command' on input line 93.


Package hyperref Warning: Token not allowed in a PDF string (Unicode):
(hyperref)                removing `\NAT@ctype' on input line 93.


Package hyperref Warning: Token not allowed in a PDF string (Unicode):
(hyperref)                removing `\z@' on input line 93.


Package hyperref Warning: Token not allowed in a PDF string (Unicode):
(hyperref)                removing `\let' on input line 93.


Package hyperref Warning: Token not allowed in a PDF string (Unicode):
(hyperref)                removing `\let' on input line 93.


Package hyperref Warning: Token not allowed in a PDF string (Unicode):
(hyperref)                removing `\new@ifnextchar' on input line 93.


<chap-netstar/figure_src/StatelessNF_throughput_comparison_64byte.pdf, id=2977,
 410.0739pt x 320.52824pt>
File: chap-netstar/figure_src/StatelessNF_throughput_comparison_64byte.pdf Grap
hic file (type pdf)

<use chap-netstar/figure_src/StatelessNF_throughput_comparison_64byte.pdf>
Package pdftex.def Info: chap-netstar/figure_src/StatelessNF_throughput_compari
son_64byte.pdf used on input line 99.
(pdftex.def)             Requested size: 187.25246pt x 146.36389pt.

<chap-netstar/figure_src/StatelessNF_throughput_comparison_128byte.pdf, id=2978
, 410.0739pt x 321.07877pt>
File: chap-netstar/figure_src/StatelessNF_throughput_comparison_128byte.pdf Gra
phic file (type pdf)

<use chap-netstar/figure_src/StatelessNF_throughput_comparison_128byte.pdf>
Package pdftex.def Info: chap-netstar/figure_src/StatelessNF_throughput_compari
son_128byte.pdf used on input line 104.
(pdftex.def)             Requested size: 187.25246pt x 146.61528pt.

<chap-netstar/figure_src/firewall_throughput_latency_cdf.pdf, id=2979, 427.2631
2pt x 341.06747pt>
File: chap-netstar/figure_src/firewall_throughput_latency_cdf.pdf Graphic file 
(type pdf)

<use chap-netstar/figure_src/firewall_throughput_latency_cdf.pdf>
Package pdftex.def Info: chap-netstar/figure_src/firewall_throughput_latency_cd
f.pdf used on input line 109.
(pdftex.def)             Requested size: 187.25246pt x 149.47685pt.

<chap-netstar/figure_src/ids_throughput_latency_cdf.pdf, id=2980, 427.26312pt x
 341.06747pt>
File: chap-netstar/figure_src/ids_throughput_latency_cdf.pdf Graphic file (type
 pdf)
 <use chap-netstar/figure_src/ids_throughput_latency_cdf.pdf>
Package pdftex.def Info: chap-netstar/figure_src/ids_throughput_latency_cdf.pdf
 used on input line 114.
(pdftex.def)             Requested size: 187.25246pt x 149.47685pt.


LaTeX Warning: `!h' float specifier changed to `!ht'.

[96 <./chap-netstar/figure_src/read_write_throughput.pdf> <./chap-netstar/figur
e_src/read_write_speed.pdf

pdfTeX warning: pdflatex (file ./chap-netstar/figure_src/read_write_speed.pdf):
 PDF inclusion: multiple pdfs with page group included in a single page
>] [97 <./chap-netstar/figure_src/StatelessNF_throughput_comparison_64byte.pdf>
 <./chap-netstar/figure_src/StatelessNF_throughput_comparison_128byte.pdf

pdfTeX warning: pdflatex (file ./chap-netstar/figure_src/StatelessNF_throughput
_comparison_128byte.pdf): PDF inclusion: multiple pdfs with page group included
 in a single page
> <./chap-netstar/figure_src/firewall_throughput_latency_cdf.pdf

pdfTeX warning: pdflatex (file ./chap-netstar/figure_src/firewall_throughput_la
tency_cdf.pdf): PDF inclusion: multiple pdfs with page group included in a sing
le page
> <./chap-netstar/figure_src/ids_throughput_latency_cdf.pdf

pdfTeX warning: pdflatex (file ./chap-netstar/figure_src/ids_throughput_latency
_cdf.pdf): PDF inclusion: multiple pdfs with page group included in a single pa
ge
>]
<chap-netstar/figure_src/Proxy_throughput.pdf, id=3267, 457.33173pt x 353.49828
pt>
File: chap-netstar/figure_src/Proxy_throughput.pdf Graphic file (type pdf)
 <use chap-netstar/figure_src/Proxy_throughput.pdf>
Package pdftex.def Info: chap-netstar/figure_src/Proxy_throughput.pdf used on i
nput line 166.
(pdftex.def)             Requested size: 187.25246pt x 144.73564pt.

<chap-netstar/figure_src/Proxy_RTT.pdf, id=3268, 457.33173pt x 353.49828pt>
File: chap-netstar/figure_src/Proxy_RTT.pdf Graphic file (type pdf)

<use chap-netstar/figure_src/Proxy_RTT.pdf>
Package pdftex.def Info: chap-netstar/figure_src/Proxy_RTT.pdf used on input li
ne 171.
(pdftex.def)             Requested size: 187.25246pt x 144.73564pt.
 [98 <./chap-netstar/figure_src/Proxy_throughput.pdf> <./chap-netstar/figure_sr
c/Proxy_RTT.pdf

pdfTeX warning: pdflatex (file ./chap-netstar/figure_src/Proxy_RTT.pdf): PDF in
clusion: multiple pdfs with page group included in a single page
>]
Overfull \hbox (7.37273pt too wide) in paragraph at lines 186--187
[]\OT1/cmr/m/n/10.95 Note that we im-ple-ment our proxy by trans-lat-ing the pr
o-cess-ing logic in TinyProxy,
 []


<chap-netstar/figure_src/IDS_throughput.pdf, id=3368, 410.0739pt x 325.39015pt>
File: chap-netstar/figure_src/IDS_throughput.pdf Graphic file (type pdf)
<use chap-netstar/figure_src/IDS_throughput.pdf>
Package pdftex.def Info: chap-netstar/figure_src/IDS_throughput.pdf used on inp
ut line 196.
(pdftex.def)             Requested size: 171.96344pt x 136.45439pt.

<chap-netstar/figure_src/IDS_RTT.pdf, id=3369, 463.71495pt x 325.39015pt>
File: chap-netstar/figure_src/IDS_RTT.pdf Graphic file (type pdf)

<use chap-netstar/figure_src/IDS_RTT.pdf>
Package pdftex.def Info: chap-netstar/figure_src/IDS_RTT.pdf used on input line
 201.
(pdftex.def)             Requested size: 202.53563pt x 142.1195pt.
 [99 <./chap-netstar/figure_src/IDS_throughput.pdf> <./chap-netstar/figure_src/
IDS_RTT.pdf

pdfTeX warning: pdflatex (file ./chap-netstar/figure_src/IDS_RTT.pdf): PDF incl
usion: multiple pdfs with page group included in a single page
>]
Overfull \hbox (1.86726pt too wide) in paragraph at lines 237--239
[]\OT1/cmr/m/n/10.95 We com-pare our asyn-chronous mal-ware de-tec-tor that que
ries an ex-ter-nal database
 []

[100]) (./chap-netstar/section/discussion.tex [101])
(./chap-netstar/section/related-work.tex [102])
(./chap-netstar/section/conclusion.tex) [103] [104]
------------------------------------------------------------------------------
 Bibliography
------------------------------------------------------------------------------
(./Thesis.bbl
Underfull \hbox (badness 10000) in paragraph at lines 4--6
[]\OT1/cmr/m/n/10.95 3GPP spec-i-fi-ca-tion: 23.228.  [][]$\OT1/cmtt/m/n/10.95 
http : / / www . 3gpp . org / ftp / Specs /
 []


Underfull \hbox (badness 10000) in paragraph at lines 28--30
[]\OT1/cmr/m/n/10.95 C++ lambda ex-pres-sions.  [][]$\OT1/cmtt/m/n/10.95 http :
 / / en . cppreference . com / w / cpp /
 []


Underfull \hbox (badness 10000) in paragraph at lines 44--47
[]\OT1/cmr/m/n/10.95 EPC.  [][]$\OT1/cmtt/m/n/10.95 http : / / www . 3gpp . org
 / technologies / keywords-[]acronyms /
 []

[105


]
Underfull \hbox (badness 10000) in paragraph at lines 134--137
[]\OT1/cmr/m/n/10.95 Rethinkdb blog post.  [][]$\OT1/cmtt/m/n/10.95 https : / /
 rethinkdb . com / blog /
 []

[106]
Underfull \hbox (badness 10000) in paragraph at lines 171--173
[]\OT1/cmr/m/n/10.95 Telephone num-ber map-ping.  [][]$\OT1/cmtt/m/n/10.95 http
s : / / en . wikipedia . org / wiki /
 []


Underfull \hbox (badness 10000) in paragraph at lines 187--189
[]\OT1/cmr/m/n/10.95 UMTS.  [][]$\OT1/cmtt/m/n/10.95 http : / / www . 3gpp . or
g / technologies / keywords-[]acronyms /
 []

[107] [108] [109] [110] [111] [112])
Package atveryend Info: Empty hook `BeforeClearDocument' on input line 377.
 [113]
Package atveryend Info: Empty hook `AfterLastShipout' on input line 377.
 (./Thesis.aux)
Package atveryend Info: Executing hook `AtVeryEndDocument' on input line 377.
Package atveryend Info: Executing hook `AtEndAfterFileList' on input line 377.
Package rerunfilecheck Info: File `Thesis.out' has not changed.
(rerunfilecheck)             Checksum: CD7BC9F05EC227257670AF0325796126;20403.
Package atveryend Info: Empty hook `AtVeryVeryEnd' on input line 377.
 ) 
Here is how much of TeX's memory you used:
 18251 strings out of 493089
 268185 string characters out of 6134842
 427676 words of memory out of 5000000
 20896 multiletter control sequences out of 15000+600000
 17404 words of font info for 64 fonts, out of 8000000 for 9000
 1141 hyphenation exceptions out of 8191
 58i,21n,121p,1530b,1135s stack positions out of 5000i,500n,10000p,200000b,80000s
</usr/local/texlive/2015/texmf-dist/fonts/type1/public/amsfonts/cm/cmbx10.pfb
></usr/local/texlive/2015/texmf-dist/fonts/type1/public/amsfonts/cm/cmbx12.pfb>
</usr/local/texlive/2015/texmf-dist/fonts/type1/public/amsfonts/cm/cmbx8.pfb></
usr/local/texlive/2015/texmf-dist/fonts/type1/public/amsfonts/cm/cmbxti10.pfb><
/usr/local/texlive/2015/texmf-dist/fonts/type1/public/amsfonts/cm/cmcsc10.pfb><
/usr/local/texlive/2015/texmf-dist/fonts/type1/public/amsfonts/cm/cmex10.pfb></
usr/local/texlive/2015/texmf-dist/fonts/type1/public/amsfonts/cm/cmmi10.pfb></u
sr/local/texlive/2015/texmf-dist/fonts/type1/public/amsfonts/cm/cmmi8.pfb></usr
/local/texlive/2015/texmf-dist/fonts/type1/public/amsfonts/cm/cmr10.pfb></usr/l
ocal/texlive/2015/texmf-dist/fonts/type1/public/amsfonts/cm/cmr12.pfb></usr/loc
al/texlive/2015/texmf-dist/fonts/type1/public/amsfonts/cm/cmr17.pfb></usr/local
/texlive/2015/texmf-dist/fonts/type1/public/amsfonts/cm/cmr8.pfb></usr/local/te
xlive/2015/texmf-dist/fonts/type1/public/amsfonts/cm/cmsl12.pfb></usr/local/tex
live/2015/texmf-dist/fonts/type1/public/amsfonts/cm/cmsy10.pfb></usr/local/texl
ive/2015/texmf-dist/fonts/type1/public/amsfonts/cm/cmsy8.pfb></usr/local/texliv
e/2015/texmf-dist/fonts/type1/public/amsfonts/cm/cmti10.pfb></usr/local/texlive
/2015/texmf-dist/fonts/type1/public/amsfonts/cm/cmti12.pfb></usr/local/texlive/
2015/texmf-dist/fonts/type1/public/amsfonts/cm/cmtt10.pfb></usr/local/texlive/2
015/texmf-dist/fonts/type1/public/amsfonts/cm/cmtt8.pfb>
Output written on Thesis.pdf (129 pages, 4732118 bytes).
PDF statistics:
 3764 PDF objects out of 4296 (max. 8388607)
 2273 compressed objects within 23 object streams
 439 named destinations out of 1000 (max. 500000)
 1054 words of extra memory for PDF output out of 10000 (max. 10000000)

