\BOOKMARK [0][-]{dummy.1}{\376\377\000D\000e\000c\000l\000a\000r\000a\000t\000i\000o\000n\000\040\000o\000f\000\040\000A\000u\000t\000h\000o\000r\000s\000h\000i\000p}{}% 1
\BOOKMARK [0][-]{dummy.2}{\376\377\000A\000b\000s\000t\000r\000a\000c\000t}{}% 2
\BOOKMARK [0][-]{dummy.3}{\376\377\000A\000c\000k\000n\000o\000w\000l\000e\000d\000g\000e\000m\000e\000n\000t\000s}{}% 3
\BOOKMARK [0][-]{chapter*.4}{\376\377\000T\000a\000b\000l\000e\000\040\000o\000f\000\040\000C\000o\000n\000t\000e\000n\000t\000s}{}% 4
\BOOKMARK [0][-]{dummy.5}{\376\377\000L\000i\000s\000t\000\040\000o\000f\000\040\000F\000i\000g\000u\000r\000e\000s}{}% 5
\BOOKMARK [0][-]{dummy.7}{\376\377\000L\000i\000s\000t\000\040\000o\000f\000\040\000T\000a\000b\000l\000e\000s}{}% 6
\BOOKMARK [0][-]{chapter*.9}{\376\377\000L\000i\000s\000t\000\040\000o\000f\000\040\000A\000l\000g\000o\000r\000i\000t\000h\000m\000s}{}% 7
\BOOKMARK [0][-]{dummy.10}{\376\377\000A\000b\000b\000r\000e\000v\000i\000a\000t\000i\000o\000n\000s}{}% 8
\BOOKMARK [0][-]{chapter.13}{\376\377\0001\000\040\000I\000n\000t\000r\000o\000d\000u\000c\000t\000i\000o\000n}{}% 9
\BOOKMARK [1][-]{section.14}{\376\377\0001\000.\0001\000\040\000I\000n\000t\000r\000o\000d\000u\000c\000t\000i\000o\000n\000\040\000o\000f\000\040\000S\000c\000a\000l\000I\000M\000S}{chapter.13}% 10
\BOOKMARK [1][-]{section.15}{\376\377\0001\000.\0002\000\040\000I\000n\000t\000r\000o\000d\000u\000c\000t\000i\000o\000n\000\040\000o\000f\000\040\000N\000F\000V\000a\000c\000t\000o\000r}{chapter.13}% 11
\BOOKMARK [1][-]{section.16}{\376\377\0001\000.\0003\000\040\000I\000n\000t\000r\000o\000d\000u\000c\000t\000i\000o\000n\000\040\000o\000f\000\040\000N\000e\000t\000S\000t\000a\000r}{chapter.13}% 12
\BOOKMARK [0][-]{chapter.17}{\376\377\0002\000\040\000S\000c\000a\000l\000I\000M\000S\000:\000\040\000S\000c\000a\000l\000i\000n\000g\000\040\000I\000M\000S\000\040\000S\000e\000r\000v\000i\000c\000e\000\040\000C\000h\000a\000i\000n\000s\000\040\000A\000c\000r\000o\000s\000s\000\040\000G\000e\000o\000-\000d\000i\000s\000t\000r\000i\000b\000u\000t\000e\000d\000\040\000D\000a\000t\000a\000c\000e\000n\000t\000e\000r\000s}{}% 13
\BOOKMARK [1][-]{section.18}{\376\377\0002\000.\0001\000\040\000I\000n\000t\000r\000o\000d\000u\000c\000t\000i\000o\000n}{chapter.17}% 14
\BOOKMARK [1][-]{section.19}{\376\377\0002\000.\0002\000\040\000B\000a\000c\000k\000g\000r\000o\000u\000n\000d}{chapter.17}% 15
\BOOKMARK [2][-]{subsection.20}{\376\377\0002\000.\0002\000.\0001\000\040\000I\000M\000S\000\040\000O\000v\000e\000r\000v\000i\000e\000w}{section.19}% 16
\BOOKMARK [2][-]{subsection.22}{\376\377\0002\000.\0002\000.\0002\000\040\000R\000e\000l\000a\000t\000e\000d\000\040\000W\000o\000r\000k}{section.19}% 17
\BOOKMARK [1][-]{section.23}{\376\377\0002\000.\0003\000\040\000C\000h\000a\000l\000l\000e\000n\000g\000e\000s\000\040\000a\000n\000d\000\040\000D\000e\000s\000i\000g\000n\000\040\000H\000i\000g\000h\000l\000i\000g\000h\000t\000s}{chapter.17}% 18
\BOOKMARK [1][-]{section.25}{\376\377\0002\000.\0004\000\040\000S\000c\000a\000l\000i\000n\000g\000\040\000o\000f\000\040\000C\000o\000n\000t\000r\000o\000l\000\040\000P\000l\000a\000n\000e\000\040\000S\000e\000r\000v\000i\000c\000e\000\040\000C\000h\000a\000i\000n}{chapter.17}% 19
\BOOKMARK [2][-]{subsection.26}{\376\377\0002\000.\0004\000.\0001\000\040\000D\000e\000p\000l\000o\000y\000m\000e\000n\000t\000\040\000a\000n\000d\000\040\000E\000n\000t\000r\000y\000\040\000D\000a\000t\000a\000c\000e\000n\000t\000e\000r\000\040\000B\000i\000n\000d\000i\000n\000g}{section.25}% 20
\BOOKMARK [2][-]{subsection.27}{\376\377\0002\000.\0004\000.\0002\000\040\000P\000r\000o\000a\000c\000t\000i\000v\000e\000\040\000S\000c\000a\000l\000i\000n\000g}{section.25}% 21
\BOOKMARK [2][-]{subsection.29}{\376\377\0002\000.\0004\000.\0003\000\040\000R\000e\000a\000c\000t\000i\000v\000e\000\040\000S\000c\000a\000l\000i\000n\000g}{section.25}% 22
\BOOKMARK [2][-]{subsection.30}{\376\377\0002\000.\0004\000.\0004\000\040\000F\000l\000o\000w\000\040\000R\000o\000u\000t\000i\000n\000g\000\040\000o\000n\000\040\000C\000o\000n\000t\000r\000o\000l\000\040\000P\000l\000a\000n\000e}{section.25}% 23
\BOOKMARK [1][-]{section.32}{\376\377\0002\000.\0005\000\040\000S\000c\000a\000l\000i\000n\000g\000\040\000o\000f\000\040\000D\000a\000t\000a\000\040\000P\000l\000a\000n\000e\000\040\000S\000e\000r\000v\000i\000c\000e\000\040\000C\000h\000a\000i\000n}{chapter.17}% 24
\BOOKMARK [2][-]{subsection.33}{\376\377\0002\000.\0005\000.\0001\000\040\000D\000P\000\040\000S\000e\000r\000v\000i\000c\000e\000\040\000C\000h\000a\000i\000n\000\040\000P\000a\000t\000h}{section.32}% 25
\BOOKMARK [2][-]{subsection.34}{\376\377\0002\000.\0005\000.\0002\000\040\000D\000P\000\040\000P\000r\000o\000a\000c\000t\000i\000v\000e\000\040\000S\000c\000a\000l\000i\000n\000g\000\040\000A\000l\000g\000o\000r\000i\000t\000h\000m}{section.32}% 26
\BOOKMARK [2][-]{subsection.51}{\376\377\0002\000.\0005\000.\0003\000\040\000S\000e\000r\000v\000i\000c\000e\000\040\000C\000h\000a\000i\000n\000\040\000P\000a\000t\000h\000\040\000C\000o\000m\000p\000u\000t\000a\000t\000i\000o\000n}{section.32}% 27
\BOOKMARK [2][-]{subsection.86}{\376\377\0002\000.\0005\000.\0004\000\040\000F\000l\000o\000w\000\040\000R\000o\000u\000t\000i\000n\000g\000\040\000O\000n\000\040\000D\000a\000t\000a\000\040\000P\000l\000a\000n\000e}{section.32}% 28
\BOOKMARK [2][-]{subsection.87}{\376\377\0002\000.\0005\000.\0005\000\040\000H\000a\000n\000d\000l\000i\000n\000g\000\040\000S\000c\000a\000l\000i\000n\000g\000\040\000I\000n\000t\000e\000r\000v\000a\000l\000\040\000I\000n\000c\000o\000n\000s\000i\000s\000t\000e\000n\000c\000y}{section.32}% 29
\BOOKMARK [1][-]{section.88}{\376\377\0002\000.\0006\000\040\000I\000m\000p\000l\000e\000m\000e\000n\000t\000a\000t\000i\000o\000n\000\040\000a\000n\000d\000\040\000E\000v\000a\000l\000u\000a\000t\000i\000o\000n}{chapter.17}% 30
\BOOKMARK [2][-]{subsection.89}{\376\377\0002\000.\0006\000.\0001\000\040\000I\000m\000p\000l\000e\000m\000e\000n\000t\000a\000t\000i\000o\000n}{section.88}% 31
\BOOKMARK [2][-]{subsection.91}{\376\377\0002\000.\0006\000.\0002\000\040\000E\000v\000a\000l\000u\000a\000t\000i\000o\000n\000\040\000i\000n\000\040\000I\000B\000M\000\040\000S\000o\000f\000t\000L\000a\000y\000e\000r\000\040\000C\000l\000o\000u\000d}{section.88}% 32
\BOOKMARK [3][-]{subsubsection.93}{\376\377\0002\000.\0006\000.\0002\000.\0001\000\040\000S\000i\000m\000u\000l\000t\000a\000n\000e\000o\000u\000s\000\040\000S\000t\000a\000r\000t}{subsection.91}% 33
\BOOKMARK [3][-]{subsubsection.96}{\376\377\0002\000.\0006\000.\0002\000.\0002\000\040\000A\000s\000y\000n\000c\000h\000r\000o\000n\000o\000u\000s\000\040\000S\000t\000a\000r\000t}{subsection.91}% 34
\BOOKMARK [3][-]{subsubsection.98}{\376\377\0002\000.\0006\000.\0002\000.\0003\000\040\000E\000x\000p\000l\000a\000n\000a\000t\000i\000o\000n}{subsection.91}% 35
\BOOKMARK [1][-]{section.100}{\376\377\0002\000.\0007\000\040\000S\000u\000m\000m\000a\000r\000y}{chapter.17}% 36
\BOOKMARK [0][-]{chapter.101}{\376\377\0003\000\040\000N\000F\000V\000a\000c\000t\000o\000r\000:\000\040\000A\000\040\000R\000e\000s\000i\000l\000i\000e\000n\000t\000\040\000N\000F\000V\000\040\000S\000y\000s\000t\000e\000m\000\040\000u\000s\000i\000n\000g\000\040\000t\000h\000e\000\040\000D\000i\000s\000t\000r\000i\000b\000u\000t\000e\000d\000\040\000A\000c\000t\000o\000r\000\040\000M\000o\000d\000e\000l}{}% 37
\BOOKMARK [1][-]{section.102}{\376\377\0003\000.\0001\000\040\000I\000n\000t\000r\000o\000d\000u\000c\000t\000i\000o\000n}{chapter.101}% 38
\BOOKMARK [1][-]{section.103}{\376\377\0003\000.\0002\000\040\000M\000o\000t\000i\000v\000a\000t\000i\000o\000n\000s\000\040\000f\000o\000r\000\040\000U\000s\000i\000n\000g\000\040\000t\000h\000e\000\040\000A\000c\000t\000o\000r\000\040\000M\000o\000d\000e\000l}{chapter.101}% 39
\BOOKMARK [1][-]{section.104}{\376\377\0003\000.\0003\000\040\000T\000h\000e\000\040\000N\000F\000V\000a\000c\000t\000o\000r\000\040\000F\000r\000a\000m\000e\000w\000o\000r\000k}{chapter.101}% 40
\BOOKMARK [2][-]{subsection.106}{\376\377\0003\000.\0003\000.\0001\000\040\000O\000v\000e\000r\000v\000i\000e\000w}{section.104}% 41
\BOOKMARK [2][-]{subsection.107}{\376\377\0003\000.\0003\000.\0002\000\040\000R\000u\000n\000t\000i\000m\000e}{section.104}% 42
\BOOKMARK [3][-]{subsubsection.108}{\376\377\0003\000.\0003\000.\0002\000.\0001\000\040\000I\000n\000t\000e\000r\000n\000a\000l\000\040\000S\000t\000r\000u\000c\000t\000u\000r\000e}{subsection.107}% 43
\BOOKMARK [3][-]{subsubsection.110}{\376\377\0003\000.\0003\000.\0002\000.\0002\000\040\000W\000o\000r\000k\000\040\000F\000l\000o\000w}{subsection.107}% 44
\BOOKMARK [3][-]{subsubsection.111}{\376\377\0003\000.\0003\000.\0002\000.\0003\000\040\000S\000e\000r\000v\000i\000c\000e\000\040\000C\000h\000a\000i\000n}{subsection.107}% 45
\BOOKMARK [2][-]{subsection.112}{\376\377\0003\000.\0003\000.\0003\000\040\000V\000i\000r\000t\000u\000a\000l\000\040\000S\000w\000i\000t\000c\000h}{section.104}% 46
\BOOKMARK [2][-]{subsection.113}{\376\377\0003\000.\0003\000.\0004\000\040\000C\000o\000o\000r\000d\000i\000n\000a\000t\000o\000r}{section.104}% 47
\BOOKMARK [1][-]{section.115}{\376\377\0003\000.\0004\000\040\000N\000F\000\040\000A\000P\000I\000s}{chapter.101}% 48
\BOOKMARK [2][-]{subsection.117}{\376\377\0003\000.\0004\000.\0001\000\040\000H\000o\000w\000\040\000R\000u\000n\000t\000i\000m\000e\000\040\000U\000s\000e\000s\000\040\000t\000h\000e\000\040\000A\000P\000I\000s}{section.115}% 49
\BOOKMARK [2][-]{subsection.118}{\376\377\0003\000.\0004\000.\0002\000\040\000E\000x\000a\000m\000p\000l\000e\000\040\000N\000F\000s}{section.115}% 50
\BOOKMARK [1][-]{section.119}{\376\377\0003\000.\0005\000\040\000S\000y\000s\000t\000e\000m\000\040\000M\000a\000n\000a\000g\000e\000m\000e\000n\000t\000\040\000O\000p\000e\000r\000a\000t\000i\000o\000n\000s}{chapter.101}% 51
\BOOKMARK [2][-]{subsection.120}{\376\377\0003\000.\0005\000.\0001\000\040\000F\000a\000u\000l\000t\000\040\000T\000o\000l\000e\000r\000a\000n\000c\000e}{section.119}% 52
\BOOKMARK [3][-]{subsubsection.121}{\376\377\0003\000.\0005\000.\0001\000.\0001\000\040\000R\000e\000p\000l\000i\000c\000a\000t\000i\000n\000g\000\040\000R\000u\000n\000t\000i\000m\000e\000s}{subsection.120}% 53
\BOOKMARK [3][-]{subsubsection.123}{\376\377\0003\000.\0005\000.\0001\000.\0002\000\040\000R\000e\000p\000l\000i\000c\000a\000t\000i\000n\000g\000\040\000V\000i\000r\000t\000u\000a\000l\000\040\000S\000w\000i\000t\000c\000h\000e\000s}{subsection.120}% 54
\BOOKMARK [3][-]{subsubsection.124}{\376\377\0003\000.\0005\000.\0001\000.\0003\000\040\000R\000e\000p\000l\000i\000c\000a\000t\000i\000n\000g\000\040\000C\000o\000o\000r\000d\000i\000n\000a\000t\000o\000r}{subsection.120}% 55
\BOOKMARK [2][-]{subsection.125}{\376\377\0003\000.\0005\000.\0002\000\040\000F\000l\000o\000w\000\040\000M\000i\000g\000r\000a\000t\000i\000o\000n}{section.119}% 56
\BOOKMARK [1][-]{section.127}{\376\377\0003\000.\0006\000\040\000I\000m\000p\000l\000e\000m\000e\000n\000t\000a\000t\000i\000o\000n}{chapter.101}% 57
\BOOKMARK [1][-]{section.129}{\376\377\0003\000.\0007\000\040\000E\000v\000a\000l\000u\000a\000t\000i\000o\000n}{chapter.101}% 58
\BOOKMARK [2][-]{subsection.130}{\376\377\0003\000.\0007\000.\0001\000\040\000P\000e\000r\000f\000o\000r\000m\000a\000n\000c\000e\000\040\000o\000f\000\040\000t\000h\000e\000\040\000R\000u\000n\000t\000i\000m\000e}{section.129}% 59
\BOOKMARK [3][-]{subsubsection.132}{\376\377\0003\000.\0007\000.\0001\000.\0001\000\040\000P\000a\000c\000k\000e\000t\000\040\000p\000r\000o\000c\000e\000s\000s\000i\000n\000g\000\040\000t\000h\000r\000o\000u\000g\000h\000p\000u\000t\000\040\000a\000n\000d\000\040\000l\000a\000t\000e\000n\000c\000y}{subsection.130}% 60
\BOOKMARK [3][-]{subsubsection.133}{\376\377\0003\000.\0007\000.\0001\000.\0002\000\040\000A\000c\000t\000o\000r\000\040\000l\000a\000u\000n\000c\000h\000\040\000t\000i\000m\000e\000\040\000a\000n\000d\000\040\000s\000e\000n\000d\000i\000n\000g\000\040\000r\000a\000t\000e\000\040\000o\000f\000\040\000r\000e\000m\000o\000t\000e\000\040\000a\000c\000t\000o\000r\000\040\000m\000e\000s\000s\000a\000g\000e\000s}{subsection.130}% 61
\BOOKMARK [2][-]{subsection.134}{\376\377\0003\000.\0007\000.\0002\000\040\000S\000y\000s\000t\000e\000m\000\040\000S\000c\000a\000l\000a\000b\000i\000l\000i\000t\000y}{section.129}% 62
\BOOKMARK [2][-]{subsection.136}{\376\377\0003\000.\0007\000.\0003\000\040\000P\000e\000r\000f\000o\000r\000m\000a\000n\000c\000e\000\040\000o\000f\000\040\000F\000l\000o\000w\000\040\000R\000e\000p\000l\000i\000c\000a\000t\000i\000o\000n}{section.129}% 63
\BOOKMARK [3][-]{subsubsection.139}{\376\377\0003\000.\0007\000.\0003\000.\0001\000\040\000C\000o\000m\000p\000a\000r\000i\000s\000o\000n\000\040\000w\000i\000t\000h\000\040\000F\000T\000M\000B}{subsection.136}% 64
\BOOKMARK [2][-]{subsection.140}{\376\377\0003\000.\0007\000.\0004\000\040\000P\000e\000r\000f\000o\000r\000m\000a\000n\000c\000e\000\040\000o\000f\000\040\000F\000l\000o\000w\000\040\000M\000i\000g\000r\000a\000t\000i\000o\000n}{section.129}% 65
\BOOKMARK [1][-]{section.142}{\376\377\0003\000.\0008\000\040\000R\000e\000l\000a\000t\000e\000d\000\040\000W\000o\000r\000k}{chapter.101}% 66
\BOOKMARK [1][-]{section.143}{\376\377\0003\000.\0009\000\040\000C\000o\000n\000c\000l\000u\000s\000i\000o\000n\000s\000\040\000a\000n\000d\000\040\000D\000i\000s\000c\000u\000s\000s\000i\000o\000n\000s}{chapter.101}% 67
\BOOKMARK [0][-]{chapter.144}{\376\377\0004\000\040\000N\000e\000t\000S\000t\000a\000r\000:\000\040\000A\000\040\000F\000u\000t\000u\000r\000e\000/\000P\000r\000o\000m\000i\000s\000e\000\040\000F\000r\000a\000m\000e\000w\000o\000r\000k\000\040\000f\000o\000r\000\040\000A\000s\000y\000n\000c\000h\000r\000o\000n\000o\000u\000s\000\040\000N\000e\000t\000w\000o\000r\000k\000\040\000F\000u\000n\000c\000t\000i\000o\000n\000s}{}% 68
\BOOKMARK [1][-]{section.145}{\376\377\0004\000.\0001\000\040\000I\000n\000t\000r\000o\000d\000u\000c\000t\000i\000o\000n}{chapter.144}% 69
\BOOKMARK [1][-]{section.146}{\376\377\0004\000.\0002\000\040\000M\000o\000t\000i\000v\000a\000t\000i\000o\000n\000\040\000a\000n\000d\000\040\000B\000a\000c\000k\000g\000r\000o\000u\000n\000d}{chapter.144}% 70
\BOOKMARK [2][-]{subsection.147}{\376\377\0004\000.\0002\000.\0001\000\040\000A\000s\000y\000n\000c\000h\000r\000o\000n\000o\000u\000s\000\040\000P\000r\000o\000g\000r\000a\000m\000m\000i\000n\000g\000\040\000i\000n\000\040\000R\000e\000p\000r\000e\000s\000e\000n\000t\000a\000t\000i\000v\000e\000\040\000N\000F\000s}{section.146}% 71
\BOOKMARK [2][-]{subsection.149}{\376\377\0004\000.\0002\000.\0002\000\040\000A\000d\000v\000a\000n\000c\000e\000d\000\040\000P\000r\000o\000g\000r\000a\000m\000m\000i\000n\000g\000\040\000A\000b\000s\000t\000r\000a\000c\000t\000i\000o\000n\000s}{section.146}% 72
\BOOKMARK [2][-]{subsection.150}{\376\377\0004\000.\0002\000.\0003\000\040\000F\000u\000t\000u\000r\000e\000/\000P\000r\000o\000m\000i\000s\000e}{section.146}% 73
\BOOKMARK [3][-]{subsubsection.151}{\376\377\0004\000.\0002\000.\0003\000.\0001\000\040\000F\000u\000t\000u\000r\000e}{subsection.150}% 74
\BOOKMARK [3][-]{subsubsection.152}{\376\377\0004\000.\0002\000.\0003\000.\0002\000\040\000P\000r\000o\000m\000i\000s\000e}{subsection.150}% 75
\BOOKMARK [3][-]{subsubsection.153}{\376\377\0004\000.\0002\000.\0003\000.\0003\000\040\000C\000o\000n\000t\000i\000n\000u\000a\000t\000i\000o\000n\000\040\000F\000u\000n\000c\000t\000i\000o\000n}{subsection.150}% 76
\BOOKMARK [3][-]{subsubsection.159}{\376\377\0004\000.\0002\000.\0003\000.\0004\000\040\000T\000r\000a\000n\000s\000f\000o\000r\000m\000i\000n\000g\000\040\000F\000u\000t\000u\000r\000e\000\040\000O\000b\000j\000e\000c\000t}{subsection.150}% 77
\BOOKMARK [3][-]{subsubsection.170}{\376\377\0004\000.\0002\000.\0003\000.\0005\000\040\000C\000o\000n\000s\000o\000l\000i\000d\000a\000t\000e\000d\000\040\000e\000r\000r\000o\000r\000\040\000h\000a\000n\000d\000l\000i\000n\000g\000.}{subsection.150}% 78
\BOOKMARK [2][-]{subsection.181}{\376\377\0004\000.\0002\000.\0004\000\040\000B\000r\000i\000n\000g\000\040\000F\000u\000t\000u\000r\000e\000/\000P\000r\000o\000m\000i\000s\000e\000\040\000t\000o\000\040\000D\000a\000t\000a\000p\000l\000a\000n\000e}{section.146}% 79
\BOOKMARK [1][-]{section.182}{\376\377\0004\000.\0003\000\040\000T\000h\000e\000\040\000N\000e\000t\000S\000t\000a\000r\000\040\000F\000r\000a\000m\000e\000w\000o\000r\000k}{chapter.144}% 80
\BOOKMARK [1][-]{section.184}{\376\377\0004\000.\0004\000\040\000A\000s\000y\000n\000c\000-\000f\000l\000o\000w\000\040\000I\000n\000t\000e\000r\000f\000a\000c\000e}{chapter.144}% 81
\BOOKMARK [2][-]{subsection.185}{\376\377\0004\000.\0004\000.\0001\000\040\000A\000s\000y\000n\000c\000-\000f\000l\000o\000w\000\040\000M\000a\000n\000a\000g\000e\000r}{section.184}% 82
\BOOKMARK [2][-]{subsection.186}{\376\377\0004\000.\0004\000.\0002\000\040\000A\000s\000y\000n\000c\000-\000f\000l\000o\000w\000\040\000O\000b\000j\000e\000c\000t}{section.184}% 83
\BOOKMARK [2][-]{subsection.188}{\376\377\0004\000.\0004\000.\0003\000\040\000A\000s\000y\000n\000c\000h\000r\000o\000n\000o\000u\000s\000\040\000P\000r\000o\000g\000r\000a\000m\000m\000i\000n\000g\000\040\000W\000i\000t\000h\000\040\000N\000e\000t\000S\000t\000a\000r\000:\000\040\000t\000h\000e\000\040\000I\000D\000S\000\040\000E\000x\000a\000m\000p\000l\000e}{section.184}% 84
\BOOKMARK [1][-]{section.190}{\376\377\0004\000.\0005\000\040\000I\000m\000p\000l\000e\000m\000e\000n\000t\000e\000d\000\040\000N\000F\000s}{chapter.144}% 85
\BOOKMARK [2][-]{subsection.191}{\376\377\0004\000.\0005\000.\0001\000\040\000E\000n\000h\000a\000n\000c\000i\000n\000g\000\040\000S\000e\000a\000s\000t\000a\000r}{section.190}% 86
\BOOKMARK [2][-]{subsection.192}{\376\377\0004\000.\0005\000.\0002\000\040\000I\000m\000p\000l\000e\000m\000e\000n\000t\000i\000n\000g\000\040\000R\000e\000p\000r\000e\000s\000e\000n\000t\000a\000t\000i\000v\000e\000\040\000N\000F\000s}{section.190}% 87
\BOOKMARK [1][-]{section.193}{\376\377\0004\000.\0006\000\040\000E\000v\000a\000l\000u\000a\000t\000i\000o\000n}{chapter.144}% 88
\BOOKMARK [2][-]{subsection.194}{\376\377\0004\000.\0006\000.\0001\000\040\000M\000e\000t\000h\000o\000d\000o\000l\000o\000g\000y}{section.193}% 89
\BOOKMARK [2][-]{subsection.195}{\376\377\0004\000.\0006\000.\0002\000\040\000M\000i\000c\000r\000o\000\040\000B\000e\000n\000c\000h\000m\000a\000r\000k\000i\000n\000g}{section.193}% 90
\BOOKMARK [3][-]{subsubsection.196}{\376\377\0004\000.\0006\000.\0002\000.\0001\000\040\000P\000a\000c\000k\000e\000t\000\040\000P\000r\000o\000c\000e\000s\000s\000i\000n\000g\000\040\000T\000h\000r\000o\000u\000g\000h\000p\000u\000t}{subsection.195}% 91
\BOOKMARK [3][-]{subsubsection.198}{\376\377\0004\000.\0006\000.\0002\000.\0002\000\040\000A\000s\000y\000n\000c\000h\000r\000o\000n\000o\000u\000s\000\040\000D\000a\000t\000a\000b\000a\000s\000e\000\040\000Q\000u\000e\000r\000y}{subsection.195}% 92
\BOOKMARK [2][-]{subsection.200}{\376\377\0004\000.\0006\000.\0003\000\040\000N\000F\000s\000\040\000f\000r\000o\000m\000\040\000t\000h\000e\000\040\000S\000t\000a\000t\000e\000l\000e\000s\000s\000N\000F\000\040\000p\000a\000p\000e\000r\0002\0000\0001\0005\0004\0005}{section.193}% 93
\BOOKMARK [2][-]{subsection.203}{\376\377\0004\000.\0006\000.\0004\000\040\000H\000T\000T\000P\000\040\000R\000e\000v\000e\000r\000s\000e\000\040\000P\000r\000o\000x\000y}{section.193}% 94
\BOOKMARK [2][-]{subsection.205}{\376\377\0004\000.\0006\000.\0005\000\040\000I\000D\000S}{section.193}% 95
\BOOKMARK [2][-]{subsection.207}{\376\377\0004\000.\0006\000.\0006\000\040\000M\000a\000l\000w\000a\000r\000e\000\040\000D\000e\000t\000e\000c\000t\000o\000r}{section.193}% 96
\BOOKMARK [2][-]{subsection.209}{\376\377\0004\000.\0006\000.\0007\000\040\000C\000o\000m\000p\000a\000r\000i\000s\000o\000n\000\040\000w\000i\000t\000h\000\040\000C\000o\000r\000o\000u\000t\000i\000n\000e}{section.193}% 97
\BOOKMARK [1][-]{section.210}{\376\377\0004\000.\0007\000\040\000D\000i\000s\000c\000u\000s\000s\000i\000o\000n\000s}{chapter.144}% 98
\BOOKMARK [1][-]{section.211}{\376\377\0004\000.\0008\000\040\000R\000e\000l\000a\000t\000e\000d\000\040\000W\000o\000r\000k}{chapter.144}% 99
\BOOKMARK [1][-]{section.212}{\376\377\0004\000.\0009\000\040\000C\000o\000n\000c\000l\000u\000s\000i\000o\000n}{chapter.144}% 100
\BOOKMARK [0][-]{dummy.213}{\376\377\000B\000i\000b\000l\000i\000o\000g\000r\000a\000p\000h\000y}{}% 101
